TN:
SF:/home/milica/Desktop/2023_Analysis_lexy/Mafija/GUI/graphics_items/playericon.cpp
FNL:0,127,131
FNA:0,1,_ZN10PlayerIcon9set_colorERK6QColor
FNL:1,133,137
FNA:1,0,_ZN10PlayerIcon12revert_colorEv
FNL:2,139,151
FNA:2,4,_ZN10PlayerIcon10role_colorEv
FNL:3,153,158
FNA:3,1,_ZN10PlayerIcon11kill_playerEv
FNL:4,160,165
FNA:4,0,_ZN10PlayerIcon8set_infoE7QString
FNL:5,167,190
FNA:5,0,_ZN10PlayerIcon16change_vote_markEv
FNL:6,22,38
FNA:6,3,_ZNK10PlayerIcon12boundingRectEv
FNL:7,40,85
FNA:7,0,_ZN10PlayerIcon5paintEP8QPainterPK24QStyleOptionGraphicsItemP7QWidget
FNL:8,6,20
FNA:8,9,_ZN10PlayerIconC2EP6PlayerdP13QGraphicsItem
FNL:9,87,125
FNA:9,0,_ZN10PlayerIcon15mousePressEventEP24QGraphicsSceneMouseEvent
FNF:10
FNH:5
BRDA:11,0,0,9
BRDA:11,e0,1,0
BRDA:11,0,2,9
BRDA:11,e0,3,0
BRDA:12,0,0,9
BRDA:12,e0,1,0
BRDA:12,0,2,9
BRDA:12,e0,3,0
BRDA:16,0,0,9
BRDA:16,e0,1,0
BRDA:17,0,0,9
BRDA:17,e0,1,0
BRDA:18,0,0,9
BRDA:18,e0,1,0
BRDA:19,0,0,9
BRDA:19,e0,1,0
BRDA:24,0,0,3
BRDA:24,e0,1,0
BRDA:25,0,0,3
BRDA:25,e0,1,0
BRDA:26,0,0,3
BRDA:26,e0,1,0
BRDA:28,0,0,3
BRDA:28,e0,1,0
BRDA:28,0,2,3
BRDA:28,e0,3,0
BRDA:29,0,0,3
BRDA:29,e0,1,0
BRDA:45,0,0,-
BRDA:45,e0,1,-
BRDA:46,0,0,-
BRDA:46,e0,1,-
BRDA:48,0,0,-
BRDA:48,e0,1,-
BRDA:49,0,0,-
BRDA:49,e0,1,-
BRDA:50,0,0,-
BRDA:50,e0,1,-
BRDA:54,0,0,-
BRDA:54,e0,1,-
BRDA:56,0,0,-
BRDA:56,e0,1,-
BRDA:56,0,2,-
BRDA:56,e0,3,-
BRDA:57,0,0,-
BRDA:57,e0,1,-
BRDA:58,0,0,-
BRDA:58,e0,1,-
BRDA:60,0,0,-
BRDA:60,e0,1,-
BRDA:62,0,0,-
BRDA:62,0,1,-
BRDA:63,0,0,-
BRDA:63,e0,1,-
BRDA:65,0,0,-
BRDA:65,e0,1,-
BRDA:68,0,0,-
BRDA:68,e0,1,-
BRDA:70,0,0,-
BRDA:70,e0,1,-
BRDA:71,0,0,-
BRDA:71,e0,1,-
BRDA:72,0,0,-
BRDA:72,e0,1,-
BRDA:75,0,0,-
BRDA:75,e0,1,-
BRDA:80,0,0,-
BRDA:80,e0,1,-
BRDA:82,0,0,-
BRDA:82,e0,1,-
BRDA:83,0,0,-
BRDA:83,e0,1,-
BRDA:84,0,0,-
BRDA:84,e0,1,-
BRDA:91,0,0,-
BRDA:91,0,1,-
BRDA:91,0,2,-
BRDA:91,0,3,-
BRDA:91,0,4,-
BRDA:91,0,5,-
BRDA:95,0,0,-
BRDA:95,0,1,-
BRDA:95,0,2,-
BRDA:95,0,3,-
BRDA:108,0,0,-
BRDA:108,0,1,-
BRDA:108,0,2,-
BRDA:108,0,3,-
BRDA:108,0,4,-
BRDA:108,0,5,-
BRDA:112,0,0,-
BRDA:112,0,1,-
BRDA:116,0,0,-
BRDA:116,0,1,-
BRDA:130,0,0,1
BRDA:130,e0,1,0
BRDA:136,0,0,-
BRDA:136,e0,1,-
BRDA:141,0,0,1
BRDA:141,0,1,1
BRDA:141,0,2,1
BRDA:141,0,3,1
BRDA:141,0,4,0
BRDA:155,0,0,1
BRDA:155,e0,1,0
BRDA:164,0,0,-
BRDA:164,e0,1,-
BRDA:169,0,0,-
BRDA:169,0,1,-
BRDA:176,0,0,-
BRDA:176,0,1,-
BRDA:182,0,0,-
BRDA:182,e0,1,-
BRDA:184,0,0,-
BRDA:184,e0,1,-
BRDA:184,0,2,-
BRDA:184,e0,3,-
BRDA:184,0,4,-
BRDA:184,0,5,-
BRDA:185,0,0,-
BRDA:185,0,1,-
BRDA:185,0,2,-
BRDA:185,0,3,-
BRDA:185,0,4,-
BRDA:185,0,5,-
BRDA:186,0,0,-
BRDA:186,e0,1,-
BRF:127
BRH:20
DA:6,9
DA:8,9
DA:9,9
DA:11,9
DA:12,9
DA:13,9
DA:14,9
DA:16,9
DA:17,9
DA:18,9
DA:19,9
DA:20,9
DA:22,3
DA:24,3
DA:25,3
DA:26,3
DA:28,3
DA:29,3
DA:31,3
DA:32,3
DA:34,3
DA:35,3
DA:37,6
DA:38,3
DA:40,0
DA:42,0
DA:43,0
DA:45,0
DA:46,0
DA:48,0
DA:49,0
DA:50,0
DA:52,0
DA:54,0
DA:56,0
DA:57,0
DA:58,0
DA:60,0
DA:62,0
DA:63,0
DA:64,0
DA:65,0
DA:67,0
DA:68,0
DA:70,0
DA:71,0
DA:72,0
DA:73,0
DA:75,0
DA:76,0
DA:77,0
DA:79,0
DA:80,0
DA:82,0
DA:83,0
DA:84,0
DA:85,0
DA:87,0
DA:91,0
DA:92,0
DA:95,0
DA:96,0
DA:97,0
DA:98,0
DA:99,0
DA:102,0
DA:103,0
DA:104,0
DA:107,0
DA:108,0
DA:109,0
DA:110,0
DA:112,0
DA:113,0
DA:114,0
DA:116,0
DA:117,0
DA:118,0
DA:123,0
DA:127,1
DA:129,1
DA:130,1
DA:131,1
DA:133,0
DA:135,0
DA:136,0
DA:137,0
DA:139,4
DA:141,4
DA:142,1
DA:143,1
DA:144,1
DA:145,1
DA:146,1
DA:147,1
DA:148,1
DA:149,1
DA:153,1
DA:155,1
DA:156,1
DA:157,1
DA:158,1
DA:160,0
DA:162,0
DA:163,0
DA:164,0
DA:165,0
DA:167,0
DA:169,0
DA:170,0
DA:173,0
DA:176,0
DA:177,0
DA:178,0
DA:181,0
DA:182,0
DA:184,0
DA:185,0
DA:186,0
DA:187,0
LF:120
LH:43
end_of_record
TN:
SF:/home/milica/Desktop/2023_Analysis_lexy/Mafija/game/DetectiveRole.cpp
FNL:0,13,15
FNA:0,0,_ZNK13DetectiveRole13get_role_nameEv
FNL:1,17,19
FNA:1,2,_ZNK13DetectiveRole8get_typeEv
FNL:2,3,7
FNA:2,0,_ZNK13DetectiveRole16get_night_actionE7QString
FNL:3,9,11
FNA:3,1,_ZNK13DetectiveRole16has_night_actionEv
FNF:4
FNH:2
BRDA:4,0,0,-
BRDA:4,0,1,-
BRDA:5,0,0,-
BRDA:5,e0,1,-
BRDA:5,0,2,-
BRDA:5,e0,3,-
BRDA:6,0,0,-
BRDA:6,e0,1,-
BRF:8
BRH:0
DA:3,0
DA:4,0
DA:5,0
DA:6,0
DA:9,1
DA:10,1
DA:13,0
DA:14,0
DA:17,2
DA:18,2
LF:10
LH:4
end_of_record
TN:
SF:/home/milica/Desktop/2023_Analysis_lexy/Mafija/game/DetectiveRole.h
FNL:0,10,10
FNA:0,6,_ZN13DetectiveRoleC2EP7QObject
FNF:1
FNH:1
DA:10,6
LF:1
LH:1
end_of_record
TN:
SF:/home/milica/Desktop/2023_Analysis_lexy/Mafija/game/DoctorRole.cpp
FNL:0,12,14
FNA:0,1,_ZNK10DoctorRole16has_night_actionEv
FNL:1,16,18
FNA:1,1,_ZNK10DoctorRole13get_role_nameEv
FNL:2,20,22
FNA:2,2,_ZNK10DoctorRole8get_typeEv
FNL:3,3,10
FNA:3,0,_ZNK10DoctorRole16get_night_actionE7QString
FNF:4
FNH:3
BRDA:4,0,0,-
BRDA:4,0,1,-
BRDA:5,0,0,-
BRDA:5,e0,1,-
BRDA:5,0,2,-
BRDA:5,e0,3,-
BRDA:8,0,0,-
BRDA:8,e0,1,-
BRF:8
BRH:0
DA:3,0
DA:4,0
DA:5,0
DA:8,0
DA:12,1
DA:13,1
DA:16,1
DA:17,1
DA:20,2
DA:21,2
LF:10
LH:6
end_of_record
TN:
SF:/home/milica/Desktop/2023_Analysis_lexy/Mafija/game/DoctorRole.h
FNL:0,10,10
FNA:0,4,_ZN10DoctorRoleC2EP7QObject
FNF:1
FNH:1
DA:10,4
LF:1
LH:1
end_of_record
TN:
SF:/home/milica/Desktop/2023_Analysis_lexy/Mafija/game/GameState.cpp
FNL:0,103,106
FNA:0,3,_ZN9GameState15is_valid_targetE7QString
FNL:1,108,111
FNA:1,3,_ZN9GameState14is_voting_timeEv
FNL:2,11,19
FNA:2,125,_ZN9GameState22get_player_by_usernameE7QString
FNL:3,113,116
FNA:3,2,_ZN9GameState8is_nightEv
FNL:4,119,124
FNA:4,11,_ZN9GameState15check_game_overEv
FNL:5,126,128
FNA:5,1,_ZN9GameState12is_game_overEv
FNL:6,130,136
FNA:6,8,_ZN9GameState10get_winnerEv
FNL:7,138,140
FNA:7,2,_ZN9GameState13player_existsE7QString
FNL:8,142,155
FNA:8,6,_ZNK9GameState21get_phase_descriptionEv
FNL:9,157,168
FNA:9,9,_ZN9GameState19get_chat_permissionEv
FNL:10,170,186
FNA:10,7,_ZN9GameState15can_player_chatE7QString
FNL:11,188,192
FNA:11,103,_ZN9GameState5resetEv
FNL:12,194,218
FNA:12,4,_ZNK9GameState22player_to_player_stateERKSt10shared_ptrI6PlayerE
FNL:13,21,28
FNA:13,63,_ZN9GameState15is_player_aliveE7QString
FNL:14,3,9
FNA:14,90,_ZN9GameState10add_playerESt10shared_ptrI6PlayerE
FNL:15,30,37
FNA:15,12,_ZN9GameState11kill_playerE7QString
FNL:16,39,47
FNA:16,53,_ZN9GameState17get_alive_playersEv
FNL:17,49,55
FNA:17,13,_ZN9GameState23get_alive_players_namesEv
FNL:18,57,59
FNA:18,2,_ZN9GameState22get_alive_player_countEv
FNL:19,61,69
FNA:19,28,_ZN9GameState21get_alive_mafia_countEv
FNL:20,71,79
FNA:20,10,_ZN9GameState23get_alive_citizen_countEv
FNL:21,81,93
FNA:21,7,_ZN9GameState14can_player_actE7QString
FNL:22,95,101
FNA:22,4,_ZN9GameState15can_player_voteE7QString
FNF:23
FNH:23
BRDA:5,0,0,1
BRDA:5,0,1,89
BRDA:13,0,0,125
BRDA:13,e0,1,0
BRDA:13,0,2,125
BRDA:13,e0,3,0
BRDA:13,0,4,229
BRDA:13,0,5,12
BRDA:14,0,0,229
BRDA:14,e0,1,0
BRDA:14,0,2,113
BRDA:14,0,3,116
BRDA:23,0,0,63
BRDA:23,e0,1,0
BRDA:24,0,0,2
BRDA:24,0,1,61
BRDA:32,0,0,12
BRDA:32,e0,1,0
BRDA:33,0,0,11
BRDA:33,0,1,1
BRDA:33,0,2,1
BRDA:33,0,3,10
BRDA:33,0,4,2
BRDA:33,0,5,10
BRDA:36,0,0,10
BRDA:36,e0,1,0
BRDA:37,0,0,10
BRDA:37,0,1,2
BRDA:41,0,0,53
BRDA:41,e0,1,0
BRDA:41,0,2,53
BRDA:41,e0,3,0
BRDA:41,0,4,142
BRDA:41,0,5,53
BRDA:42,0,0,109
BRDA:42,0,1,33
BRDA:43,0,0,109
BRDA:43,e0,1,0
BRDA:50,0,0,13
BRDA:50,e0,1,0
BRDA:52,0,0,20
BRDA:52,0,1,13
BRDA:53,0,0,20
BRDA:53,e0,1,0
BRDA:53,0,2,20
BRDA:53,e0,3,0
BRDA:58,0,0,2
BRDA:58,e0,1,0
BRDA:63,0,0,28
BRDA:63,e0,1,0
BRDA:63,0,2,64
BRDA:63,0,3,28
BRDA:64,0,0,64
BRDA:64,e0,1,0
BRDA:64,0,2,26
BRDA:64,0,3,38
BRDA:73,0,0,10
BRDA:73,e0,1,0
BRDA:73,0,2,25
BRDA:73,0,3,10
BRDA:74,0,0,25
BRDA:74,e0,1,0
BRDA:74,0,2,15
BRDA:74,0,3,10
BRDA:82,0,0,7
BRDA:82,e0,1,0
BRDA:83,0,0,6
BRDA:83,0,1,1
BRDA:83,0,2,5
BRDA:83,0,3,1
BRDA:83,0,4,5
BRDA:83,e0,5,0
BRDA:83,0,6,1
BRDA:83,0,7,4
BRDA:83,0,8,3
BRDA:83,0,9,4
BRDA:87,0,0,4
BRDA:87,e0,1,0
BRDA:88,0,0,0
BRDA:88,0,1,4
BRDA:92,0,0,4
BRDA:92,e0,1,0
BRDA:96,0,0,1
BRDA:96,0,1,3
BRDA:99,0,0,3
BRDA:99,e0,1,0
BRDA:100,0,0,2
BRDA:100,0,1,1
BRDA:100,0,2,1
BRDA:100,0,3,1
BRDA:104,0,0,3
BRDA:104,e0,1,0
BRDA:105,0,0,2
BRDA:105,0,1,1
BRDA:105,0,2,1
BRDA:105,0,3,1
BRDA:110,0,0,2
BRDA:110,0,1,1
BRDA:110,0,2,1
BRDA:110,0,3,1
BRDA:120,0,0,10
BRDA:120,0,1,1
BRDA:120,0,2,6
BRDA:120,0,3,4
BRDA:120,0,4,7
BRDA:120,0,5,4
BRDA:131,0,0,1
BRDA:131,0,1,7
BRDA:135,0,0,1
BRDA:135,0,1,6
BRDA:139,0,0,2
BRDA:139,e0,1,0
BRDA:144,0,0,1
BRDA:144,0,1,1
BRDA:144,0,2,1
BRDA:144,0,3,1
BRDA:144,0,4,1
BRDA:144,0,5,1
BRDA:144,0,6,0
BRDA:158,0,0,4
BRDA:158,0,1,3
BRDA:158,0,2,2
BRDA:171,0,0,7
BRDA:171,e0,1,0
BRDA:171,0,2,2
BRDA:171,0,3,5
BRDA:177,0,0,2
BRDA:177,0,1,3
BRDA:180,0,0,2
BRDA:180,0,1,1
BRDA:181,0,0,2
BRDA:181,e0,1,0
BRDA:182,0,0,2
BRDA:182,0,1,0
BRDA:182,0,2,2
BRDA:182,e0,3,0
BRDA:182,0,4,1
BRDA:182,0,5,1
BRDA:196,0,0,4
BRDA:196,e0,1,0
BRDA:199,0,0,4
BRDA:199,e0,1,0
BRDA:199,0,2,4
BRDA:199,e0,3,0
BRDA:199,0,4,1
BRDA:199,0,5,1
BRDA:199,0,6,1
BRDA:199,0,7,1
BRDA:199,0,8,0
BRF:149
BRH:115
DA:3,90
DA:5,90
DA:6,1
DA:8,89
DA:11,125
DA:13,241
DA:14,229
DA:15,113
DA:18,12
DA:21,63
DA:23,63
DA:24,63
DA:25,2
DA:27,61
DA:28,63
DA:30,12
DA:32,12
DA:33,12
DA:34,2
DA:36,10
DA:37,12
DA:39,53
DA:40,53
DA:41,195
DA:42,142
DA:43,109
DA:46,53
DA:47,0
DA:49,13
DA:50,13
DA:51,13
DA:52,46
DA:53,20
DA:54,13
DA:55,13
DA:57,2
DA:58,2
DA:61,28
DA:62,28
DA:63,120
DA:64,64
DA:65,26
DA:68,28
DA:71,10
DA:72,10
DA:73,45
DA:74,25
DA:75,15
DA:78,10
DA:81,7
DA:82,7
DA:83,7
DA:84,3
DA:87,4
DA:88,4
DA:89,0
DA:92,4
DA:93,7
DA:95,4
DA:96,4
DA:97,1
DA:99,3
DA:100,3
DA:101,3
DA:103,3
DA:104,3
DA:105,6
DA:106,3
DA:108,3
DA:110,3
DA:113,2
DA:115,2
DA:119,11
DA:120,11
DA:121,7
DA:123,11
DA:126,1
DA:127,1
DA:130,8
DA:131,8
DA:132,1
DA:135,7
DA:138,2
DA:139,2
DA:142,6
DA:144,6
DA:147,1
DA:148,1
DA:149,1
DA:150,1
DA:151,1
DA:152,1
DA:153,0
DA:157,9
DA:158,9
DA:160,4
DA:162,4
DA:163,3
DA:164,3
DA:165,2
DA:166,2
DA:170,7
DA:171,7
DA:172,2
DA:175,5
DA:177,5
DA:178,2
DA:180,3
DA:181,2
DA:182,2
DA:183,2
DA:185,1
DA:188,103
DA:189,103
DA:190,103
DA:191,103
DA:192,103
DA:194,4
DA:195,4
DA:196,4
DA:197,4
DA:199,4
DA:200,1
DA:201,1
DA:202,1
DA:203,1
DA:204,1
DA:205,1
DA:206,1
DA:207,1
DA:208,1
DA:209,1
DA:210,1
DA:211,1
DA:212,0
DA:213,0
DA:214,0
DA:217,4
DA:218,0
LF:139
LH:132
end_of_record
TN:
SF:/home/milica/Desktop/2023_Analysis_lexy/Mafija/game/GameState.h
FNL:0,71,71
FNA:0,91,_ZN9GameState9set_phaseE9GamePhase
FNL:1,72,72
FNA:1,48,_ZN9GameState9get_phaseEv
FNF:2
FNH:2
DA:71,91
DA:72,48
LF:2
LH:2
end_of_record
TN:
SF:/home/milica/Desktop/2023_Analysis_lexy/Mafija/game/Player.cpp
FNL:0,11,14
FNA:0,3,_ZN6Player8set_roleEP4Role
FNL:1,16,18
FNA:1,265,_ZNK6Player8get_nameEv
FNL:2,20,24
FNA:2,106,_ZN6Player9set_aliveEb
FNL:3,26,29
FNA:3,8,_ZNK6Player8has_roleEv
FNL:4,31,33
FNA:4,12,_ZN6Player4killEv
FNL:5,35,37
FNA:5,93,_ZNK6Player8is_mafiaEv
FNL:6,4,5
FNA:6,113,_ZN6PlayerC2ERK7QStringP4RoleP7QObject
FNL:7,7,9
FNA:7,23,_ZNK6Player8get_roleEv
FNF:8
FNH:8
BRDA:21,0,0,97
BRDA:21,0,1,9
BRDA:36,0,0,93
BRDA:36,0,1,0
BRDA:36,0,2,38
BRDA:36,0,3,55
BRF:6
BRH:5
DA:4,113
DA:5,113
DA:7,23
DA:8,23
DA:11,3
DA:13,3
DA:14,3
DA:16,265
DA:17,265
DA:20,106
DA:21,106
DA:22,97
DA:24,106
DA:26,8
DA:28,8
DA:31,12
DA:32,12
DA:33,12
DA:35,93
DA:36,93
LF:20
LH:20
end_of_record
TN:
SF:/home/milica/Desktop/2023_Analysis_lexy/Mafija/game/Player.h
FNL:0,20,20
FNA:0,253,_ZNK6Player8is_aliveEv
FNF:1
FNH:1
DA:20,253
LF:1
LH:1
end_of_record
TN:
SF:/home/milica/Desktop/2023_Analysis_lexy/Mafija/game/Role.h
FNL:0,19,19
FNA:0,89,_ZN4RoleC2EP7QObject
FNF:1
FNH:1
DA:19,89
LF:1
LH:1
end_of_record
TN:
SF:/home/milica/Desktop/2023_Analysis_lexy/Mafija/game/citizenrole.cpp
FNL:0,11,13
FNA:0,0,_ZNK11CitizenRole13get_role_nameEv
FNL:1,15,17
FNA:1,60,_ZNK11CitizenRole8get_typeEv
FNL:2,3,5
FNA:2,0,_ZNK11CitizenRole16get_night_actionE7QString
FNL:3,7,9
FNA:3,1,_ZNK11CitizenRole16has_night_actionEv
FNF:4
FNH:2
BRDA:4,0,0,-
BRDA:4,e0,1,-
BRDA:4,0,2,-
BRDA:4,e0,3,-
BRF:4
BRH:0
DA:3,0
DA:4,0
DA:7,1
DA:8,1
DA:11,0
DA:12,0
DA:15,60
DA:16,60
LF:8
LH:4
end_of_record
TN:
SF:/home/milica/Desktop/2023_Analysis_lexy/Mafija/game/citizenrole.h
FNL:0,11,11
FNA:0,54,_ZN11CitizenRoleC2EP7QObject
FNF:1
FNH:1
DA:11,54
LF:1
LH:1
end_of_record
TN:
SF:/home/milica/Desktop/2023_Analysis_lexy/Mafija/game/gamemanager.cpp
FNL:0,15,16
FNA:0,30,_ZN11GameManagerC2EP7QObject
FNL:1,18,30
FNA:1,5,_ZN11GameManager18on_voting_finishedE5QListI7QStringE
FNL:2,26,29
FNA:2,0,_ZZN11GameManager18on_voting_finishedE5QListI7QStringEENKUlvE_clEv
FNL:3,32,44
FNA:3,3,_ZN11GameManager17on_night_finishedE7QString
FNL:4,4,13
FNA:4,1,_ZN11GameManager14on_day_startedEv
FNL:5,40,43
FNA:5,2,_ZZN11GameManager17on_night_finishedE7QStringENKUlvE_clEv
FNL:6,46,51
FNA:6,8,_ZN11GameManager15game_over_checkEv
FNL:7,8,12
FNA:7,1,_ZZN11GameManager14on_day_startedEvENKUlvE_clEv
FNF:8
FNH:7
BRDA:8,0,0,1
BRDA:8,e0,1,0
BRDA:11,0,0,-
BRDA:11,e0,1,-
BRDA:11,0,2,-
BRDA:11,e0,3,-
BRDA:19,0,0,5
BRDA:19,e0,1,0
BRDA:19,0,2,5
BRDA:19,e0,3,0
BRDA:19,0,4,6
BRDA:19,0,5,5
BRDA:20,0,0,6
BRDA:20,e0,1,0
BRDA:23,0,0,5
BRDA:23,0,1,0
BRDA:26,0,0,-
BRDA:26,e0,1,-
BRDA:33,0,0,2
BRDA:33,0,1,1
BRDA:34,0,0,2
BRDA:34,e0,1,0
BRDA:37,0,0,1
BRDA:37,0,1,2
BRDA:40,0,0,2
BRDA:40,e0,1,0
BRDA:47,0,0,4
BRDA:47,0,1,4
BRDA:49,0,0,4
BRDA:49,e0,1,0
BRDA:49,0,2,4
BRDA:49,e0,3,0
BRF:32
BRH:17
DA:4,1
DA:5,1
DA:7,1
DA:8,1
DA:10,0
DA:11,0
DA:12,0
DA:13,1
DA:15,30
DA:16,30
DA:18,5
DA:19,11
DA:20,6
DA:21,5
DA:23,5
DA:24,5
DA:26,0
DA:28,0
DA:29,0
DA:32,3
DA:33,3
DA:34,2
DA:35,3
DA:37,3
DA:38,1
DA:40,2
DA:42,0
DA:43,0
DA:46,8
DA:47,8
DA:48,4
DA:49,4
DA:51,8
LF:33
LH:25
end_of_record
TN:
SF:/home/milica/Desktop/2023_Analysis_lexy/Mafija/game/mafiarole.cpp
FNL:0,13,15
FNA:0,1,_ZNK9MafiaRole13get_role_nameEv
FNL:1,17,19
FNA:1,42,_ZNK9MafiaRole8get_typeEv
FNL:2,3,7
FNA:2,0,_ZNK9MafiaRole16get_night_actionE7QString
FNL:3,9,11
FNA:3,1,_ZNK9MafiaRole16has_night_actionEv
FNF:4
FNH:3
BRDA:4,0,0,-
BRDA:4,0,1,-
BRDA:5,0,0,-
BRDA:5,e0,1,-
BRDA:5,0,2,-
BRDA:5,e0,3,-
BRDA:6,0,0,-
BRDA:6,e0,1,-
BRF:8
BRH:0
DA:3,0
DA:4,0
DA:5,0
DA:6,0
DA:9,1
DA:10,1
DA:13,1
DA:14,1
DA:17,42
DA:18,42
LF:10
LH:6
end_of_record
TN:
SF:/home/milica/Desktop/2023_Analysis_lexy/Mafija/game/mafiarole.h
FNL:0,10,10
FNA:0,25,_ZN9MafiaRoleC2EP7QObject
FNF:1
FNH:1
DA:10,25
LF:1
LH:1
end_of_record
TN:
SF:/home/milica/Desktop/2023_Analysis_lexy/Mafija/server_client/Client/chatclient.cpp
FNL:0,114,121
FNA:0,2,_ZN10ChatClient16handle_user_joinERK11QJsonObject
FNL:1,123,130
FNA:1,2,_ZN10ChatClient16handle_user_leftERK11QJsonObject
FNL:2,13,42
FNA:2,41,_ZN10ChatClientC2EP7QObject
FNL:3,132,159
FNA:3,5,_ZN10ChatClient22handle_role_assignmentERK11QJsonObject
FNL:4,161,163
FNA:4,1,_ZN10ChatClient21handle_voting_startedERK11QJsonObject
FNL:5,165,179
FNA:5,1,_ZN10ChatClient19handle_voting_endedERK11QJsonObject
FNL:6,181,183
FNA:6,1,_ZN10ChatClient20handle_night_startedEv
FNL:7,185,195
FNA:7,1,_ZN10ChatClient18handle_night_endedERK11QJsonObject
FNL:8,197,199
FNA:8,1,_ZN10ChatClient18handle_day_startedEv
FNL:9,201,207
FNA:9,2,_ZN10ChatClient16handle_game_overERK11QJsonObject
FNL:10,209,236
FNA:10,1,_ZN10ChatClient25handle_waiting_room_listsERK11QJsonObject
FNL:11,238,300
FNA:11,30,_ZN10ChatClient13json_receivedERK11QJsonObject
FNL:12,24,24
FNA:12,1,_ZZN10ChatClientC4EP7QObjectENKUlvE_clEv
FNL:13,28,31
FNA:13,41,_ZZN10ChatClientC4EP7QObjectENKUlbE_clEb
FNL:14,302,305
FNA:14,41,_ZN10ChatClient17connect_to_serverERK12QHostAddresst
FNL:15,309,329
FNA:15,30,_ZN10ChatClient13on_ready_readEv
FNL:16,33,36
FNA:16,41,_ZZN10ChatClientC4EP7QObjectENKUlbE0_clEb
FNL:17,335,344
FNA:17,2,_ZN10ChatClient5loginERK7QString
FNL:18,346,353
FNA:18,0,_ZN10ChatClient9send_jsonERK11QJsonObject
FNL:19,357,367
FNA:19,2,_ZN10ChatClient12send_messageERK7QString
FNL:20,369,378
FNA:20,3,_ZN10ChatClient9send_voteERK7QStringS2_
FNL:21,38,41
FNA:21,41,_ZZN10ChatClientC4EP7QObjectENKUlbE1_clEb
FNL:22,380,386
FNA:22,1,_ZN10ChatClient20send_selected_playerERK7QStringb
FNL:23,388,394
FNA:23,1,_ZN10ChatClient16get_player_listsEv
FNL:24,396,399
FNA:24,1,_ZN10ChatClient20disconnect_from_hostEv
FNL:25,401,406
FNA:25,0,_ZN10ChatClient16start_voice_chatEv
FNL:26,408,413
FNA:26,0,_ZN10ChatClient15stop_voice_chatEv
FNL:27,415,421
FNA:27,0,_ZN10ChatClient11toggle_muteEv
FNL:28,423,429
FNA:28,0,_ZN10ChatClient13toggle_deafenEv
FNL:29,431,438
FNA:29,0,_ZN10ChatClient19on_audio_data_readyERK10QByteArrayxj
FNL:30,44,60
FNA:30,3,_ZN10ChatClient19handle_login_resultERK11QJsonObject
FNL:31,440,449
FNA:31,0,_ZN10ChatClient17handle_voice_dataERK11QJsonObject
FNL:32,451,461
FNA:32,1,_ZN10ChatClient15send_start_gameERK5QListISt4pairIN10mafia_game4RoleEiEERK10QJsonArray
FNL:33,62,78
FNA:33,4,_ZN10ChatClient19handle_chat_messageERK11QJsonObject
FNL:34,80,112
FNA:34,6,_ZN10ChatClient24handle_game_state_updateERK11QJsonObject
FNF:35
FNH:28
BRDA:15,0,0,41
BRDA:15,e0,1,0
BRDA:15,0,2,0
BRDA:15,0,3,41
BRDA:15,0,4,0
BRDA:15,0,5,0
BRDA:17,0,0,41
BRDA:17,e0,1,0
BRDA:17,0,2,41
BRDA:17,e0,3,0
BRDA:17,0,4,41
BRDA:17,e0,5,0
BRDA:17,0,6,0
BRDA:17,0,7,41
BRDA:17,0,8,0
BRDA:17,0,9,0
BRDA:19,0,0,41
BRDA:19,e0,1,0
BRDA:20,0,0,41
BRDA:20,e0,1,0
BRDA:22,0,0,41
BRDA:22,e0,1,0
BRDA:23,0,0,41
BRDA:23,e0,1,0
BRDA:24,0,0,41
BRDA:24,e0,1,0
BRDA:26,0,0,41
BRDA:26,e0,1,0
BRDA:28,0,0,41
BRDA:28,e0,1,0
BRDA:33,0,0,41
BRDA:33,e0,1,0
BRDA:38,0,0,41
BRDA:38,e0,1,0
BRDA:46,0,0,0
BRDA:46,0,1,3
BRDA:49,0,0,3
BRDA:49,e0,1,0
BRDA:50,0,0,3
BRDA:50,e0,1,0
BRDA:50,0,2,3
BRDA:50,0,3,0
BRDA:50,0,4,3
BRDA:50,e0,5,0
BRDA:50,0,6,1
BRDA:50,0,7,2
BRDA:50,0,8,1
BRDA:50,0,9,2
BRDA:52,0,0,2
BRDA:52,e0,1,0
BRDA:53,0,0,1
BRDA:53,0,1,1
BRDA:55,0,0,1
BRDA:55,e0,1,0
BRDA:58,0,0,1
BRDA:58,e0,1,0
BRDA:59,0,0,1
BRDA:59,e0,1,0
BRDA:59,0,2,1
BRDA:59,e0,3,0
BRDA:60,0,0,1
BRDA:60,0,1,2
BRDA:64,0,0,4
BRDA:64,e0,1,0
BRDA:64,0,2,4
BRDA:64,e0,3,0
BRDA:65,0,0,4
BRDA:65,e0,1,0
BRDA:65,0,2,4
BRDA:65,e0,3,0
BRDA:66,0,0,4
BRDA:66,e0,1,0
BRDA:66,0,2,4
BRDA:66,e0,3,0
BRDA:68,0,0,4
BRDA:68,e0,1,0
BRDA:68,0,2,4
BRDA:68,0,3,0
BRDA:68,0,4,4
BRDA:68,e0,5,0
BRDA:68,0,6,1
BRDA:68,0,7,3
BRDA:68,0,8,1
BRDA:68,0,9,3
BRDA:71,0,0,3
BRDA:71,e0,1,0
BRDA:71,0,2,3
BRDA:71,0,3,0
BRDA:71,0,4,3
BRDA:71,e0,5,0
BRDA:71,0,6,1
BRDA:71,0,7,2
BRDA:71,0,8,1
BRDA:71,0,9,2
BRDA:74,0,0,2
BRDA:74,e0,1,0
BRDA:74,0,2,2
BRDA:74,0,3,0
BRDA:74,0,4,2
BRDA:74,e0,5,0
BRDA:74,0,6,1
BRDA:74,0,7,1
BRDA:74,0,8,1
BRDA:74,0,9,1
BRDA:77,0,0,1
BRDA:77,e0,1,0
BRDA:77,0,2,1
BRDA:77,e0,3,0
BRDA:77,0,4,1
BRDA:77,e0,5,0
BRDA:77,0,6,1
BRDA:77,e0,7,0
BRDA:78,0,0,1
BRDA:78,0,1,3
BRDA:78,0,2,1
BRDA:78,0,3,3
BRDA:78,0,4,1
BRDA:78,0,5,3
BRDA:82,0,0,6
BRDA:82,e0,1,0
BRDA:82,0,2,6
BRDA:82,e0,3,0
BRDA:83,0,0,6
BRDA:83,e0,1,0
BRDA:83,0,2,6
BRDA:83,e0,3,0
BRDA:84,0,0,6
BRDA:84,e0,1,0
BRDA:84,0,2,6
BRDA:84,e0,3,0
BRDA:86,0,0,6
BRDA:86,e0,1,0
BRDA:86,0,2,6
BRDA:86,0,3,0
BRDA:86,0,4,6
BRDA:86,e0,5,0
BRDA:86,0,6,2
BRDA:86,0,7,4
BRDA:86,0,8,2
BRDA:86,0,9,4
BRDA:89,0,0,4
BRDA:89,e0,1,0
BRDA:89,0,2,4
BRDA:89,0,3,0
BRDA:89,0,4,4
BRDA:89,e0,5,0
BRDA:89,0,6,1
BRDA:89,0,7,3
BRDA:89,0,8,1
BRDA:89,0,9,3
BRDA:92,0,0,3
BRDA:92,e0,1,0
BRDA:92,0,2,1
BRDA:92,0,3,2
BRDA:95,0,0,2
BRDA:95,e0,1,0
BRDA:96,0,0,2
BRDA:96,e0,1,0
BRDA:99,0,0,2
BRDA:99,e0,1,0
BRDA:100,0,0,2
BRDA:100,e0,1,0
BRDA:100,0,2,4
BRDA:100,0,3,2
BRDA:101,0,0,4
BRDA:101,e0,1,0
BRDA:101,0,2,1
BRDA:101,0,3,3
BRDA:103,0,0,3
BRDA:103,e0,1,0
BRDA:105,0,0,3
BRDA:105,e0,1,0
BRDA:105,0,2,3
BRDA:105,e0,3,0
BRDA:105,0,4,3
BRDA:105,e0,5,0
BRDA:106,0,0,3
BRDA:106,e0,1,0
BRDA:106,0,2,3
BRDA:106,e0,3,0
BRDA:106,0,4,3
BRDA:106,e0,5,0
BRDA:106,0,6,3
BRDA:106,e0,7,0
BRDA:107,0,0,3
BRDA:107,e0,1,0
BRDA:107,0,2,3
BRDA:107,e0,3,0
BRDA:107,0,4,3
BRDA:107,e0,5,0
BRDA:108,0,0,3
BRDA:108,e0,1,0
BRDA:111,0,0,2
BRDA:111,e0,1,0
BRDA:112,0,0,2
BRDA:112,0,1,4
BRDA:112,0,2,2
BRDA:112,0,3,4
BRDA:112,0,4,2
BRDA:112,0,5,4
BRDA:116,0,0,2
BRDA:116,e0,1,0
BRDA:116,0,2,2
BRDA:116,e0,3,0
BRDA:117,0,0,2
BRDA:117,e0,1,0
BRDA:117,0,2,2
BRDA:117,0,3,0
BRDA:117,0,4,2
BRDA:117,e0,5,0
BRDA:117,0,6,1
BRDA:117,0,7,1
BRDA:117,0,8,1
BRDA:117,0,9,1
BRDA:120,0,0,1
BRDA:120,e0,1,0
BRDA:120,0,2,1
BRDA:120,e0,3,0
BRDA:121,0,0,1
BRDA:121,0,1,1
BRDA:125,0,0,2
BRDA:125,e0,1,0
BRDA:125,0,2,2
BRDA:125,e0,3,0
BRDA:126,0,0,2
BRDA:126,e0,1,0
BRDA:126,0,2,2
BRDA:126,0,3,0
BRDA:126,0,4,2
BRDA:126,e0,5,0
BRDA:126,0,6,1
BRDA:126,0,7,1
BRDA:126,0,8,1
BRDA:126,0,9,1
BRDA:129,0,0,1
BRDA:129,e0,1,0
BRDA:129,0,2,1
BRDA:129,e0,3,0
BRDA:130,0,0,1
BRDA:130,0,1,1
BRDA:134,0,0,5
BRDA:134,e0,1,0
BRDA:134,0,2,5
BRDA:134,e0,3,0
BRDA:135,0,0,5
BRDA:135,e0,1,0
BRDA:135,0,2,5
BRDA:135,0,3,0
BRDA:135,0,4,5
BRDA:135,e0,5,0
BRDA:135,0,6,1
BRDA:135,0,7,4
BRDA:135,0,8,1
BRDA:135,0,9,4
BRDA:138,0,0,4
BRDA:138,e0,1,0
BRDA:138,0,2,4
BRDA:138,e0,3,0
BRDA:139,0,0,4
BRDA:139,e0,1,0
BRDA:139,0,2,4
BRDA:139,0,3,0
BRDA:139,0,4,4
BRDA:139,e0,5,0
BRDA:139,0,6,1
BRDA:139,0,7,3
BRDA:139,0,8,1
BRDA:139,0,9,3
BRDA:142,0,0,3
BRDA:142,e0,1,0
BRDA:142,0,2,3
BRDA:142,e0,3,0
BRDA:142,0,4,3
BRDA:142,e0,5,0
BRDA:143,0,0,1
BRDA:143,0,1,2
BRDA:146,0,0,2
BRDA:146,e0,1,0
BRDA:146,0,2,2
BRDA:146,e0,3,0
BRDA:149,0,0,2
BRDA:149,e0,1,0
BRDA:150,0,0,2
BRDA:150,e0,1,0
BRDA:150,0,2,4
BRDA:150,0,3,2
BRDA:151,0,0,4
BRDA:151,e0,1,0
BRDA:151,0,2,1
BRDA:151,0,3,3
BRDA:153,0,0,3
BRDA:153,e0,1,0
BRDA:154,0,0,3
BRDA:154,e0,1,0
BRDA:154,0,2,3
BRDA:154,e0,3,0
BRDA:154,0,4,3
BRDA:154,e0,5,0
BRDA:154,0,6,3
BRDA:154,e0,7,0
BRDA:155,0,0,3
BRDA:155,e0,1,0
BRDA:155,0,2,3
BRDA:155,e0,3,0
BRDA:155,0,4,3
BRDA:155,e0,5,0
BRDA:155,0,6,3
BRDA:155,e0,7,0
BRDA:158,0,0,2
BRDA:158,e0,1,0
BRDA:159,0,0,2
BRDA:159,0,1,1
BRDA:159,0,2,2
BRDA:159,0,3,2
BRDA:159,0,4,2
BRDA:159,0,5,3
BRDA:166,0,0,1
BRDA:166,e0,1,0
BRDA:166,0,2,1
BRDA:166,e0,3,0
BRDA:166,0,4,1
BRDA:166,e0,5,0
BRDA:169,0,0,3
BRDA:169,e0,1,0
BRDA:169,0,2,2
BRDA:169,0,3,1
BRDA:170,0,0,2
BRDA:170,e0,1,0
BRDA:170,0,2,2
BRDA:170,e0,3,0
BRDA:170,0,4,2
BRDA:170,e0,5,0
BRDA:170,0,6,2
BRDA:170,e0,7,0
BRDA:173,0,0,1
BRDA:173,e0,1,0
BRDA:173,0,2,1
BRDA:173,e0,3,0
BRDA:173,0,4,1
BRDA:173,e0,5,0
BRDA:175,0,0,1
BRDA:175,e0,1,0
BRDA:175,0,2,2
BRDA:175,e0,3,0
BRDA:175,0,4,1
BRDA:175,0,5,1
BRDA:176,0,0,1
BRDA:176,e0,1,0
BRDA:176,0,2,1
BRDA:176,e0,3,0
BRDA:178,0,0,1
BRDA:178,e0,1,0
BRDA:186,0,0,1
BRDA:186,e0,1,0
BRDA:186,0,2,1
BRDA:186,e0,3,0
BRDA:186,0,4,1
BRDA:186,e0,5,0
BRDA:187,0,0,1
BRDA:187,e0,1,0
BRDA:187,0,2,1
BRDA:187,e0,3,0
BRDA:187,0,4,1
BRDA:187,e0,5,0
BRDA:190,0,0,3
BRDA:190,e0,1,0
BRDA:190,0,2,2
BRDA:190,0,3,1
BRDA:191,0,0,2
BRDA:191,e0,1,0
BRDA:191,0,2,2
BRDA:191,e0,3,0
BRDA:191,0,4,2
BRDA:191,e0,5,0
BRDA:194,0,0,1
BRDA:194,e0,1,0
BRDA:202,0,0,2
BRDA:202,e0,1,0
BRDA:202,0,2,2
BRDA:202,e0,3,0
BRDA:203,0,0,2
BRDA:203,e0,1,0
BRDA:203,0,2,2
BRDA:203,0,3,0
BRDA:203,0,4,2
BRDA:203,e0,5,0
BRDA:203,0,6,1
BRDA:203,0,7,1
BRDA:203,0,8,1
BRDA:203,0,9,1
BRDA:206,0,0,1
BRDA:206,e0,1,0
BRDA:206,0,2,1
BRDA:206,e0,3,0
BRDA:207,0,0,1
BRDA:207,0,1,1
BRDA:210,0,0,1
BRDA:210,e0,1,0
BRDA:210,0,2,1
BRDA:210,e0,3,0
BRDA:210,0,4,1
BRDA:210,e0,5,0
BRDA:211,0,0,1
BRDA:211,e0,1,0
BRDA:211,0,2,1
BRDA:211,e0,3,0
BRDA:211,0,4,1
BRDA:211,e0,5,0
BRDA:215,0,0,1
BRDA:215,e0,1,0
BRDA:215,0,2,2
BRDA:215,0,3,1
BRDA:216,0,0,2
BRDA:216,e0,1,0
BRDA:216,0,2,0
BRDA:216,0,3,2
BRDA:220,0,0,2
BRDA:220,e0,1,0
BRDA:221,0,0,2
BRDA:221,e0,1,0
BRDA:221,0,2,2
BRDA:221,e0,3,0
BRDA:221,0,4,2
BRDA:221,e0,5,0
BRDA:222,0,0,2
BRDA:222,e0,1,0
BRDA:225,0,0,1
BRDA:225,e0,1,0
BRDA:225,0,2,1
BRDA:225,0,3,1
BRDA:226,0,0,1
BRDA:226,e0,1,0
BRDA:226,0,2,0
BRDA:226,0,3,1
BRDA:230,0,0,1
BRDA:230,e0,1,0
BRDA:231,0,0,1
BRDA:231,e0,1,0
BRDA:231,0,2,1
BRDA:231,e0,3,0
BRDA:231,0,4,1
BRDA:231,e0,5,0
BRDA:232,0,0,1
BRDA:232,e0,1,0
BRDA:235,0,0,1
BRDA:235,e0,1,0
BRDA:240,0,0,30
BRDA:240,e0,1,0
BRDA:240,0,2,30
BRDA:240,e0,3,0
BRDA:241,0,0,30
BRDA:241,e0,1,0
BRDA:241,0,2,30
BRDA:241,0,3,0
BRDA:241,0,4,30
BRDA:241,e0,5,0
BRDA:241,0,6,0
BRDA:241,0,7,30
BRDA:241,0,8,0
BRDA:241,0,9,30
BRDA:244,0,0,30
BRDA:244,e0,1,0
BRDA:245,0,0,30
BRDA:245,e0,1,0
BRDA:247,0,0,3
BRDA:247,0,1,4
BRDA:247,0,2,6
BRDA:247,0,3,2
BRDA:247,0,4,2
BRDA:247,0,5,0
BRDA:247,0,6,0
BRDA:247,0,7,5
BRDA:247,0,8,1
BRDA:247,0,9,1
BRDA:247,0,10,1
BRDA:247,0,11,2
BRDA:247,0,12,1
BRDA:247,0,13,1
BRDA:247,0,14,1
BRDA:247,0,15,0
BRDA:249,0,0,3
BRDA:249,e0,1,0
BRDA:252,0,0,4
BRDA:252,e0,1,0
BRDA:255,0,0,6
BRDA:255,e0,1,0
BRDA:258,0,0,2
BRDA:258,e0,1,0
BRDA:261,0,0,2
BRDA:261,e0,1,0
BRDA:264,0,0,-
BRDA:264,e0,1,-
BRDA:267,0,0,-
BRDA:267,e0,1,-
BRDA:270,0,0,5
BRDA:270,e0,1,0
BRDA:273,0,0,1
BRDA:273,e0,1,0
BRDA:276,0,0,1
BRDA:276,e0,1,0
BRDA:279,0,0,1
BRDA:279,e0,1,0
BRDA:282,0,0,2
BRDA:282,e0,1,0
BRDA:285,0,0,1
BRDA:285,e0,1,0
BRDA:288,0,0,1
BRDA:288,e0,1,0
BRDA:291,0,0,1
BRDA:291,e0,1,0
BRDA:296,0,0,30
BRDA:296,e0,1,0
BRDA:296,0,2,0
BRDA:296,0,3,30
BRDA:297,0,0,-
BRDA:297,e0,1,-
BRDA:300,0,0,30
BRDA:300,0,1,0
BRDA:300,0,2,30
BRDA:300,0,3,0
BRDA:304,0,0,41
BRDA:304,e0,1,0
BRDA:312,0,0,30
BRDA:312,e0,1,0
BRDA:315,0,0,60
BRDA:315,e0,1,0
BRDA:316,0,0,60
BRDA:316,e0,1,0
BRDA:317,0,0,60
BRDA:317,e0,1,0
BRDA:317,0,2,30
BRDA:317,0,3,30
BRDA:319,0,0,30
BRDA:319,e0,1,0
BRDA:320,0,0,30
BRDA:320,0,1,0
BRDA:321,0,0,30
BRDA:321,e0,1,0
BRDA:321,0,2,30
BRDA:321,0,3,0
BRDA:322,0,0,30
BRDA:322,e0,1,0
BRDA:322,0,2,30
BRDA:322,e0,3,0
BRDA:337,0,0,2
BRDA:337,0,1,0
BRDA:339,0,0,2
BRDA:339,e0,1,0
BRDA:341,0,0,2
BRDA:341,e0,1,0
BRDA:342,0,0,2
BRDA:342,e0,1,0
BRDA:342,0,2,2
BRDA:342,e0,3,0
BRDA:342,0,4,2
BRDA:342,e0,5,0
BRDA:348,0,0,-
BRDA:348,0,1,-
BRDA:349,0,0,-
BRDA:349,e0,1,-
BRDA:351,0,0,-
BRDA:351,e0,1,-
BRDA:351,0,2,-
BRDA:351,e0,3,-
BRDA:351,0,4,-
BRDA:351,e0,5,-
BRDA:359,0,0,1
BRDA:359,0,1,1
BRDA:362,0,0,1
BRDA:362,e0,1,0
BRDA:364,0,0,1
BRDA:364,e0,1,0
BRDA:366,0,0,1
BRDA:366,e0,1,0
BRDA:366,0,2,1
BRDA:366,e0,3,0
BRDA:366,0,4,1
BRDA:366,e0,5,0
BRDA:371,0,0,2
BRDA:371,0,1,1
BRDA:371,0,2,1
BRDA:371,0,3,1
BRDA:371,0,4,2
BRDA:371,0,5,1
BRDA:374,0,0,1
BRDA:374,e0,1,0
BRDA:375,0,0,1
BRDA:375,e0,1,0
BRDA:377,0,0,1
BRDA:377,e0,1,0
BRDA:377,0,2,1
BRDA:377,e0,3,0
BRDA:377,0,4,1
BRDA:377,e0,5,0
BRDA:382,0,0,1
BRDA:382,e0,1,0
BRDA:383,0,0,1
BRDA:383,e0,1,0
BRDA:385,0,0,1
BRDA:385,e0,1,0
BRDA:385,0,2,1
BRDA:385,e0,3,0
BRDA:385,0,4,1
BRDA:385,e0,5,0
BRDA:390,0,0,1
BRDA:390,e0,1,0
BRDA:391,0,0,1
BRDA:391,e0,1,0
BRDA:393,0,0,1
BRDA:393,e0,1,0
BRDA:393,0,2,1
BRDA:393,e0,3,0
BRDA:393,0,4,1
BRDA:393,e0,5,0
BRDA:403,0,0,-
BRDA:403,e0,1,-
BRDA:404,0,0,-
BRDA:404,e0,1,-
BRDA:405,0,0,-
BRDA:405,e0,1,-
BRDA:410,0,0,-
BRDA:410,e0,1,-
BRDA:411,0,0,-
BRDA:411,e0,1,-
BRDA:412,0,0,-
BRDA:412,e0,1,-
BRDA:417,0,0,-
BRDA:417,e0,1,-
BRDA:419,0,0,-
BRDA:419,e0,1,-
BRDA:420,0,0,-
BRDA:420,e0,1,-
BRDA:425,0,0,-
BRDA:425,e0,1,-
BRDA:427,0,0,-
BRDA:427,e0,1,-
BRDA:428,0,0,-
BRDA:428,e0,1,-
BRDA:436,0,0,-
BRDA:436,e0,1,-
BRDA:437,0,0,-
BRDA:437,e0,1,-
BRDA:442,0,0,-
BRDA:442,e0,1,-
BRDA:442,0,2,-
BRDA:442,e0,3,-
BRDA:442,0,4,-
BRDA:442,e0,5,-
BRDA:443,0,0,-
BRDA:443,0,1,-
BRDA:445,0,0,-
BRDA:445,e0,1,-
BRDA:445,0,2,-
BRDA:445,e0,3,-
BRDA:445,0,4,-
BRDA:445,e0,5,-
BRDA:446,0,0,-
BRDA:446,e0,1,-
BRDA:446,0,2,-
BRDA:446,e0,3,-
BRDA:448,0,0,-
BRDA:448,e0,1,-
BRDA:449,0,0,-
BRDA:449,0,1,-
BRDA:453,0,0,1
BRDA:453,e0,1,0
BRDA:453,0,2,0
BRDA:453,0,3,1
BRDA:457,0,0,1
BRDA:457,e0,1,0
BRDA:459,0,0,1
BRDA:459,e0,1,0
BRDA:460,0,0,1
BRDA:460,e0,1,0
BRDA:460,0,2,1
BRDA:460,e0,3,0
BRDA:460,0,4,1
BRDA:460,e0,5,0
BRF:678
BRH:361
DA:13,41
DA:15,41
DA:16,41
DA:17,82
DA:19,41
DA:20,41
DA:22,41
DA:23,41
DA:24,41
DA:25,41
DA:26,41
DA:27,41
DA:28,41
DA:29,0
DA:30,0
DA:31,0
DA:32,41
DA:33,41
DA:34,0
DA:35,0
DA:36,0
DA:37,41
DA:38,41
DA:39,0
DA:40,0
DA:41,0
DA:42,41
DA:44,3
DA:46,3
DA:47,2
DA:49,3
DA:50,3
DA:51,1
DA:52,2
DA:53,2
DA:54,1
DA:55,1
DA:56,1
DA:58,1
DA:59,1
DA:60,3
DA:62,4
DA:64,4
DA:65,4
DA:66,4
DA:68,4
DA:69,1
DA:71,3
DA:72,1
DA:74,2
DA:75,1
DA:77,1
DA:78,10
DA:80,6
DA:82,6
DA:83,6
DA:84,6
DA:86,6
DA:87,2
DA:89,4
DA:90,1
DA:92,3
DA:93,1
DA:95,2
DA:96,2
DA:98,2
DA:99,2
DA:100,6
DA:101,4
DA:102,1
DA:103,3
DA:104,3
DA:105,3
DA:106,3
DA:107,3
DA:108,3
DA:109,3
DA:111,2
DA:112,14
DA:114,2
DA:116,2
DA:117,2
DA:118,1
DA:120,1
DA:121,2
DA:123,2
DA:125,2
DA:126,2
DA:127,1
DA:129,1
DA:130,2
DA:132,5
DA:134,5
DA:135,5
DA:136,1
DA:138,4
DA:139,4
DA:140,1
DA:142,3
DA:143,3
DA:144,1
DA:146,2
DA:147,2
DA:149,2
DA:150,6
DA:151,4
DA:152,1
DA:153,3
DA:154,3
DA:155,3
DA:156,3
DA:158,2
DA:159,8
DA:161,1
DA:162,1
DA:163,1
DA:165,1
DA:166,1
DA:167,1
DA:169,3
DA:170,2
DA:173,1
DA:174,1
DA:175,2
DA:176,1
DA:178,1
DA:179,1
DA:181,1
DA:182,1
DA:183,1
DA:185,1
DA:186,1
DA:187,1
DA:189,1
DA:190,3
DA:191,2
DA:194,1
DA:195,1
DA:197,1
DA:198,1
DA:199,1
DA:201,2
DA:202,2
DA:203,2
DA:204,1
DA:206,1
DA:207,2
DA:209,1
DA:210,1
DA:211,1
DA:212,1
DA:213,1
DA:215,3
DA:216,2
DA:217,0
DA:220,2
DA:221,2
DA:222,2
DA:223,2
DA:225,2
DA:226,1
DA:227,0
DA:230,1
DA:231,1
DA:232,1
DA:233,1
DA:235,1
DA:236,1
DA:238,30
DA:240,30
DA:241,30
DA:242,0
DA:244,30
DA:245,30
DA:247,30
DA:248,3
DA:249,3
DA:250,3
DA:251,4
DA:252,4
DA:253,4
DA:254,6
DA:255,6
DA:256,6
DA:257,2
DA:258,2
DA:259,2
DA:260,2
DA:261,2
DA:262,2
DA:263,0
DA:264,0
DA:265,0
DA:266,0
DA:267,0
DA:268,0
DA:269,5
DA:270,5
DA:271,5
DA:272,1
DA:273,1
DA:274,1
DA:275,1
DA:276,1
DA:277,1
DA:278,1
DA:279,1
DA:280,1
DA:281,2
DA:282,2
DA:283,2
DA:284,1
DA:285,1
DA:286,1
DA:287,1
DA:288,1
DA:289,1
DA:290,1
DA:291,1
DA:292,1
DA:293,0
DA:294,0
DA:296,30
DA:297,0
DA:298,0
DA:300,30
DA:302,41
DA:304,41
DA:305,41
DA:309,30
DA:311,30
DA:312,30
DA:313,30
DA:315,60
DA:316,60
DA:317,60
DA:318,30
DA:319,30
DA:320,30
DA:321,30
DA:322,30
DA:325,30
DA:326,30
DA:328,30
DA:329,30
DA:335,2
DA:337,2
DA:338,2
DA:339,2
DA:340,2
DA:341,2
DA:342,2
DA:343,2
DA:344,2
DA:346,0
DA:348,0
DA:349,0
DA:350,0
DA:351,0
DA:352,0
DA:353,0
DA:357,2
DA:359,2
DA:360,1
DA:362,1
DA:363,1
DA:364,1
DA:366,1
DA:367,1
DA:369,3
DA:371,3
DA:372,2
DA:374,1
DA:375,1
DA:376,1
DA:377,1
DA:378,1
DA:380,1
DA:382,1
DA:383,1
DA:384,1
DA:385,1
DA:386,1
DA:388,1
DA:390,1
DA:391,1
DA:392,1
DA:393,1
DA:394,1
DA:396,1
DA:398,1
DA:399,1
DA:401,0
DA:403,0
DA:404,0
DA:405,0
DA:406,0
DA:408,0
DA:410,0
DA:411,0
DA:412,0
DA:413,0
DA:415,0
DA:417,0
DA:419,0
DA:420,0
DA:421,0
DA:423,0
DA:425,0
DA:427,0
DA:428,0
DA:429,0
DA:431,0
DA:436,0
DA:437,0
DA:438,0
DA:440,0
DA:442,0
DA:443,0
DA:445,0
DA:446,0
DA:448,0
DA:449,0
DA:451,1
DA:453,1
DA:454,0
DA:457,1
DA:458,1
DA:459,1
DA:460,1
DA:461,1
LF:331
LH:270
end_of_record
TN:
SF:/home/milica/Desktop/2023_Analysis_lexy/Mafija/server_client/Client/voiceclient.cpp
FNL:0,101,111
FNA:0,0,_ZN11VoiceClient15start_recordingEv
FNL:1,113,124
FNA:1,0,_ZN11VoiceClient14stop_recordingEv
FNL:2,126,130
FNA:2,8,_ZN11VoiceClient11toggle_muteEv
FNL:3,132,142
FNA:3,8,_ZN11VoiceClient13toggle_deafenEv
FNL:4,144,153
FNA:4,0,_ZN11VoiceClient23on_audio_data_availableEv
FNL:5,155,174
FNA:5,0,_ZN11VoiceClient20process_audio_chunksEv
FNL:6,176,187
FNA:6,0,_ZN11VoiceClient15play_audio_dataERK10QByteArray
FNL:7,26,30
FNA:7,0,_ZN11VoiceClientD0Ev
FNA:7,12,_ZN11VoiceClientD2Ev
FNL:8,32,37
FNA:8,53,_ZN11VoiceClient18setup_audio_formatEv
FNL:9,39,62
FNA:9,0,_ZN11VoiceClient14init_recordingEv
FNL:10,64,76
FNA:10,53,_ZN11VoiceClient13init_playbackEv
FNL:11,7,24
FNA:11,53,_ZN11VoiceClientC2EP7QObject
FNL:12,78,86
FNA:12,12,_ZN11VoiceClient17cleanup_recordingEv
FNL:13,88,99
FNA:13,12,_ZN11VoiceClient16cleanup_playbackEv
FNF:14
FNH:8
BRDA:17,0,0,53
BRDA:17,e0,1,0
BRDA:17,0,2,53
BRDA:17,e0,3,0
BRDA:17,0,4,0
BRDA:17,0,5,53
BRDA:17,0,6,0
BRDA:17,0,7,0
BRDA:20,0,0,53
BRDA:20,e0,1,0
BRDA:23,0,0,53
BRDA:23,e0,1,0
BRDA:41,0,0,-
BRDA:41,0,1,-
BRDA:45,0,0,-
BRDA:45,e0,1,-
BRDA:46,0,0,-
BRDA:46,e0,1,-
BRDA:46,0,2,-
BRDA:46,0,3,-
BRDA:47,0,0,-
BRDA:47,e0,1,-
BRDA:47,0,2,-
BRDA:47,e0,3,-
BRDA:51,0,0,-
BRDA:51,e0,1,-
BRDA:51,0,2,-
BRDA:51,e0,3,-
BRDA:51,0,4,-
BRDA:51,0,5,-
BRDA:51,0,6,-
BRDA:51,0,7,-
BRDA:52,0,0,-
BRDA:52,e0,1,-
BRDA:54,0,0,-
BRDA:54,0,1,-
BRDA:56,0,0,-
BRDA:56,e0,1,-
BRDA:58,0,0,-
BRDA:58,e0,1,-
BRDA:58,0,2,-
BRDA:58,e0,3,-
BRDA:59,0,0,-
BRDA:59,0,1,-
BRDA:62,0,0,-
BRDA:62,0,1,-
BRDA:66,0,0,53
BRDA:66,e0,1,0
BRDA:67,0,0,53
BRDA:67,e0,1,0
BRDA:67,0,2,0
BRDA:67,0,3,53
BRDA:68,0,0,-
BRDA:68,e0,1,-
BRDA:68,0,2,-
BRDA:68,e0,3,-
BRDA:72,0,0,53
BRDA:72,e0,1,0
BRDA:72,0,2,53
BRDA:72,e0,3,0
BRDA:72,0,4,0
BRDA:72,0,5,53
BRDA:72,0,6,0
BRDA:72,0,7,0
BRDA:73,0,0,53
BRDA:73,e0,1,0
BRDA:73,0,2,53
BRDA:73,e0,3,0
BRDA:73,0,4,0
BRDA:73,0,5,53
BRDA:73,0,6,0
BRDA:73,0,7,0
BRDA:74,0,0,53
BRDA:74,e0,1,0
BRDA:75,0,0,53
BRDA:75,e0,1,0
BRDA:76,0,0,53
BRDA:76,0,1,0
BRDA:80,0,0,0
BRDA:80,0,1,12
BRDA:82,0,0,-
BRDA:82,0,1,-
BRDA:90,0,0,12
BRDA:90,0,1,0
BRDA:92,0,0,12
BRDA:92,0,1,0
BRDA:95,0,0,12
BRDA:95,0,1,0
BRDA:96,0,0,12
BRDA:96,0,1,0
BRDA:103,0,0,-
BRDA:103,0,1,-
BRDA:115,0,0,-
BRDA:115,0,1,-
BRDA:138,0,0,6
BRDA:138,0,1,2
BRDA:138,0,2,5
BRDA:138,0,3,1
BRDA:146,0,0,-
BRDA:146,0,1,-
BRDA:146,0,2,-
BRDA:146,0,3,-
BRDA:151,0,0,-
BRDA:151,e0,1,-
BRDA:152,0,0,-
BRDA:152,e0,1,-
BRDA:157,0,0,-
BRDA:157,0,1,-
BRDA:157,0,2,-
BRDA:157,0,3,-
BRDA:157,0,4,-
BRDA:157,0,5,-
BRDA:157,0,6,-
BRDA:157,0,7,-
BRDA:167,0,0,-
BRDA:167,0,1,-
BRDA:168,0,0,-
BRDA:168,e0,1,-
BRDA:169,0,0,-
BRDA:169,e0,1,-
BRDA:172,0,0,-
BRDA:172,e0,1,-
BRDA:178,0,0,-
BRDA:178,0,1,-
BRDA:178,0,2,-
BRDA:178,0,3,-
BRF:126
BRH:26
DA:7,53
DA:9,53
DA:10,53
DA:11,53
DA:12,53
DA:13,53
DA:14,53
DA:15,53
DA:16,53
DA:17,53
DA:19,53
DA:20,53
DA:23,53
DA:24,53
DA:26,12
DA:28,12
DA:29,12
DA:30,12
DA:32,53
DA:34,53
DA:35,53
DA:36,53
DA:37,53
DA:39,0
DA:41,0
DA:42,0
DA:45,0
DA:46,0
DA:47,0
DA:48,0
DA:51,0
DA:52,0
DA:54,0
DA:55,0
DA:56,0
DA:58,0
DA:59,0
DA:60,0
DA:62,0
DA:64,53
DA:66,53
DA:67,53
DA:68,0
DA:69,0
DA:72,53
DA:73,53
DA:74,53
DA:75,53
DA:76,53
DA:78,12
DA:80,12
DA:81,0
DA:82,0
DA:83,0
DA:84,0
DA:86,12
DA:88,12
DA:90,12
DA:91,12
DA:92,12
DA:93,12
DA:95,12
DA:96,12
DA:97,12
DA:99,12
DA:101,0
DA:103,0
DA:104,0
DA:107,0
DA:108,0
DA:109,0
DA:110,0
DA:113,0
DA:115,0
DA:116,0
DA:119,0
DA:120,0
DA:121,0
DA:122,0
DA:123,0
DA:126,8
DA:128,8
DA:129,8
DA:130,8
DA:132,8
DA:134,8
DA:135,8
DA:138,8
DA:139,5
DA:140,5
DA:142,8
DA:144,0
DA:146,0
DA:147,0
DA:151,0
DA:152,0
DA:153,0
DA:155,0
DA:157,0
DA:158,0
DA:162,0
DA:163,0
DA:164,0
DA:167,0
DA:168,0
DA:169,0
DA:171,0
DA:172,0
DA:173,0
DA:176,0
DA:178,0
DA:179,0
DA:183,0
DA:184,0
DA:185,0
DA:186,0
LF:116
LH:54
end_of_record
TN:
SF:/home/milica/Desktop/2023_Analysis_lexy/Mafija/server_client/Client/voiceclient.h
FNL:0,29,29
FNA:0,14,_ZNK11VoiceClient8is_mutedEv
FNL:1,30,30
FNA:1,11,_ZNK11VoiceClient11is_deafenedEv
FNL:2,31,31
FNA:2,1,_ZNK11VoiceClient12is_recordingEv
FNF:3
FNH:3
DA:29,14
DA:30,11
DA:31,1
LF:3
LH:3
end_of_record
TN:
SF:/home/milica/Desktop/2023_Analysis_lexy/Mafija/server_client/Server/chatserver.cpp
FNL:0,105,111
FNA:0,0,_ZN10ChatServer11stop_serverEv
FNL:1,113,155
FNA:1,50,_ZN10ChatServer20json_from_logged_outEP12ServerWorkerRK11QJsonObject
FNL:2,160,187
FNA:2,18,_ZN10ChatServer19json_from_logged_inEP12ServerWorkerRK11QJsonObject
FNL:3,189,213
FNA:3,3,_ZN10ChatServer14handle_messageEP12ServerWorkerRK11QJsonObject
FNL:4,215,284
FNA:4,7,_ZN10ChatServer17handle_game_startEP12ServerWorkerRK11QJsonObject
FNL:5,24,34
FNA:5,22,_ZN10ChatServerC2EP7QObject
FNL:6,286,294
FNA:6,1,_ZN10ChatServer23handle_player_selectionEP12ServerWorkerRK11QJsonObject
FNL:7,296,300
FNA:7,2,_ZN10ChatServer20handle_request_listsEP12ServerWorkerRK11QJsonObject
FNL:8,302,325
FNA:8,6,_ZN10ChatServer11handle_voteEP12ServerWorkerRK11QJsonObject
FNL:9,327,330
FNA:9,0,_ZN10ChatServer34handle_inform_client_night_startedEv
FNL:10,332,336
FNA:10,0,_ZN10ChatServer33handle_inform_client_night_actionE7QString4QMapIS0_S0_E
FNL:11,338,341
FNA:11,0,_ZN10ChatServer32handle_inform_client_day_startedEv
FNL:12,343,346
FNA:12,0,_ZN10ChatServer35handle_inform_client_voting_startedEv
FNL:13,348,355
FNA:13,0,_ZN10ChatServer34handle_inform_client_voting_resultE5QListI7QStringES0_ISt4pairIS1_S1_EE
FNL:14,359,380
FNA:14,4,_ZN10ChatServer12assign_rolesER5QListISt4pairIN10mafia_game4RoleEiEERS0_IP12ServerWorkerE
FNL:15,36,51
FNA:15,50,_ZN10ChatServer18incomingConnectionEx
FNL:16,382,399
FNA:16,1,_ZN10ChatServer8end_gameERK7QString
FNL:17,401,489
FNA:17,6,_ZN10ChatServer10start_gameER5QListISt4pairIN10mafia_game4RoleEiEERS0_IP12ServerWorkerE
FNL:18,485,487
FNA:18,4,_ZZN10ChatServer10start_gameER5QListISt4pairIN10mafia_game4RoleEiEERS0_IP12ServerWorkerEENKUlvE_clEv
FNL:19,52,56
FNA:19,388,_ZN10ChatServer9send_jsonEP12ServerWorkerRK11QJsonObject
FNL:20,57,65
FNA:20,102,_ZN10ChatServer9broadcastERK11QJsonObjectP12ServerWorker
FNL:21,67,74
FNA:21,68,_ZN10ChatServer13json_receivedEP12ServerWorkerRK11QJsonObject
FNL:22,76,97
FNA:22,1,_ZN10ChatServer17user_disconnectedEP12ServerWorker
FNL:23,99,103
FNA:23,1,_ZN10ChatServer10user_errorEP12ServerWorker
FNF:24
FNH:18
BRDA:26,0,0,22
BRDA:26,e0,1,0
BRDA:26,0,2,22
BRDA:26,e0,3,0
BRDA:26,0,4,0
BRDA:26,0,5,22
BRDA:26,0,6,22
BRDA:26,e0,7,0
BRDA:26,0,8,0
BRDA:26,0,9,0
BRDA:30,0,0,22
BRDA:30,e0,1,0
BRDA:33,0,0,22
BRDA:33,e0,1,0
BRDA:38,0,0,50
BRDA:38,e0,1,0
BRDA:38,0,2,50
BRDA:38,e0,3,0
BRDA:38,0,4,0
BRDA:38,0,5,50
BRDA:38,0,6,0
BRDA:38,0,7,0
BRDA:39,0,0,50
BRDA:39,e0,1,0
BRDA:39,0,2,0
BRDA:39,0,3,50
BRDA:40,0,0,-
BRDA:40,e0,1,-
BRDA:43,0,0,50
BRDA:43,e0,1,0
BRDA:43,0,2,50
BRDA:43,e0,3,0
BRDA:44,0,0,50
BRDA:44,e0,1,0
BRDA:44,0,2,50
BRDA:44,e0,3,0
BRDA:45,0,0,50
BRDA:45,e0,1,0
BRDA:45,0,2,50
BRDA:45,e0,3,0
BRDA:46,0,0,50
BRDA:46,e0,1,0
BRDA:48,0,0,50
BRDA:48,e0,1,0
BRDA:49,0,0,50
BRDA:49,e0,1,0
BRDA:50,0,0,50
BRDA:50,e0,1,0
BRDA:54,0,0,0
BRDA:54,0,1,388
BRDA:59,0,0,367
BRDA:59,0,1,102
BRDA:60,0,0,0
BRDA:60,0,1,367
BRDA:61,0,0,49
BRDA:61,0,1,318
BRDA:63,0,0,318
BRDA:63,e0,1,0
BRDA:69,0,0,0
BRDA:69,0,1,68
BRDA:70,0,0,68
BRDA:70,e0,1,0
BRDA:70,0,2,68
BRDA:70,e0,3,0
BRDA:70,0,4,68
BRDA:70,e0,5,0
BRDA:70,0,6,68
BRDA:70,e0,7,0
BRDA:70,0,8,68
BRDA:70,e0,9,0
BRDA:70,0,10,68
BRDA:70,e0,11,0
BRDA:71,0,0,68
BRDA:71,e0,1,0
BRDA:71,0,2,50
BRDA:71,0,3,18
BRDA:78,0,0,1
BRDA:78,e0,1,0
BRDA:79,0,0,1
BRDA:79,e0,1,0
BRDA:80,0,0,1
BRDA:80,0,1,0
BRDA:81,0,0,1
BRDA:81,e0,1,0
BRDA:82,0,0,1
BRDA:82,e0,1,0
BRDA:82,0,2,1
BRDA:82,e0,3,0
BRDA:82,0,4,1
BRDA:82,e0,5,0
BRDA:83,0,0,1
BRDA:83,e0,1,0
BRDA:83,0,2,1
BRDA:83,e0,3,0
BRDA:83,0,4,1
BRDA:83,e0,5,0
BRDA:84,0,0,1
BRDA:84,e0,1,0
BRDA:86,0,0,1
BRDA:86,e0,1,0
BRDA:87,0,0,1
BRDA:87,e0,1,0
BRDA:88,0,0,1
BRDA:88,e0,1,0
BRDA:90,0,0,1
BRDA:90,e0,1,0
BRDA:91,0,0,1
BRDA:91,e0,1,0
BRDA:93,0,0,1
BRDA:93,e0,1,0
BRDA:93,0,2,1
BRDA:93,e0,3,0
BRDA:93,0,4,1
BRDA:93,e0,5,0
BRDA:95,0,0,1
BRDA:95,e0,1,0
BRDA:96,0,0,1
BRDA:96,e0,1,0
BRDA:102,0,0,1
BRDA:102,e0,1,0
BRDA:102,0,2,1
BRDA:102,e0,3,0
BRDA:102,0,4,1
BRDA:102,e0,5,0
BRDA:102,0,6,1
BRDA:102,e0,7,0
BRDA:107,0,0,-
BRDA:107,0,1,-
BRDA:108,0,0,-
BRDA:108,e0,1,-
BRDA:115,0,0,0
BRDA:115,0,1,50
BRDA:116,0,0,50
BRDA:116,e0,1,0
BRDA:117,0,0,50
BRDA:117,e0,1,0
BRDA:117,0,2,50
BRDA:117,0,3,0
BRDA:117,0,4,50
BRDA:117,e0,5,0
BRDA:117,0,6,0
BRDA:117,0,7,50
BRDA:117,0,8,0
BRDA:117,0,9,50
BRDA:119,0,0,50
BRDA:119,e0,1,0
BRDA:119,0,2,0
BRDA:119,0,3,50
BRDA:121,0,0,50
BRDA:121,e0,1,0
BRDA:122,0,0,50
BRDA:122,e0,1,0
BRDA:122,0,2,50
BRDA:122,0,3,0
BRDA:122,0,4,50
BRDA:122,e0,5,0
BRDA:122,0,6,0
BRDA:122,0,7,50
BRDA:122,0,8,0
BRDA:122,0,9,50
BRDA:124,0,0,50
BRDA:124,e0,1,0
BRDA:124,0,2,50
BRDA:124,e0,3,0
BRDA:125,0,0,0
BRDA:125,0,1,50
BRDA:127,0,0,180
BRDA:127,0,1,49
BRDA:128,0,0,49
BRDA:128,0,1,131
BRDA:130,0,0,131
BRDA:130,e0,1,0
BRDA:130,0,2,1
BRDA:130,0,3,130
BRDA:131,0,0,1
BRDA:131,e0,1,0
BRDA:132,0,0,1
BRDA:132,e0,1,0
BRDA:132,0,2,1
BRDA:132,e0,3,0
BRDA:132,0,4,1
BRDA:132,e0,5,0
BRDA:133,0,0,1
BRDA:133,e0,1,0
BRDA:133,0,2,1
BRDA:133,e0,3,0
BRDA:133,0,4,1
BRDA:133,e0,5,0
BRDA:134,0,0,1
BRDA:134,e0,1,0
BRDA:134,0,2,1
BRDA:134,e0,3,0
BRDA:134,0,4,1
BRDA:134,e0,5,0
BRDA:135,0,0,1
BRDA:135,e0,1,0
BRDA:140,0,0,49
BRDA:140,e0,1,0
BRDA:141,0,0,49
BRDA:141,e0,1,0
BRDA:143,0,0,49
BRDA:143,e0,1,0
BRDA:144,0,0,49
BRDA:144,e0,1,0
BRDA:144,0,2,49
BRDA:144,e0,3,0
BRDA:144,0,4,49
BRDA:144,e0,5,0
BRDA:145,0,0,49
BRDA:145,e0,1,0
BRDA:145,0,2,49
BRDA:145,e0,3,0
BRDA:145,0,4,49
BRDA:145,e0,5,0
BRDA:146,0,0,49
BRDA:146,e0,1,0
BRDA:148,0,0,49
BRDA:148,e0,1,0
BRDA:149,0,0,49
BRDA:149,e0,1,0
BRDA:149,0,2,49
BRDA:149,e0,3,0
BRDA:149,0,4,49
BRDA:149,e0,5,0
BRDA:150,0,0,49
BRDA:150,e0,1,0
BRDA:150,0,2,49
BRDA:150,e0,3,0
BRDA:150,0,4,49
BRDA:150,e0,5,0
BRDA:151,0,0,49
BRDA:151,e0,1,0
BRDA:153,0,0,49
BRDA:153,e0,1,0
BRDA:154,0,0,49
BRDA:154,e0,1,0
BRDA:155,0,0,49
BRDA:155,0,1,1
BRDA:155,0,2,49
BRDA:155,0,3,1
BRDA:155,0,4,49
BRDA:155,0,5,1
BRDA:162,0,0,0
BRDA:162,0,1,18
BRDA:164,0,0,18
BRDA:164,e0,1,0
BRDA:165,0,0,18
BRDA:165,e0,1,0
BRDA:165,0,2,18
BRDA:165,0,3,0
BRDA:165,0,4,18
BRDA:165,e0,5,0
BRDA:165,0,6,0
BRDA:165,0,7,18
BRDA:165,0,8,0
BRDA:165,0,9,18
BRDA:168,0,0,18
BRDA:168,e0,1,0
BRDA:169,0,0,18
BRDA:169,e0,1,0
BRDA:170,0,0,6
BRDA:170,0,1,3
BRDA:170,0,2,7
BRDA:170,0,3,1
BRDA:170,0,4,1
BRDA:170,0,5,0
BRDA:172,0,0,6
BRDA:172,e0,1,0
BRDA:175,0,0,3
BRDA:175,e0,1,0
BRDA:178,0,0,7
BRDA:178,e0,1,0
BRDA:181,0,0,1
BRDA:181,e0,1,0
BRDA:183,0,0,2
BRDA:183,e0,1,0
BRDA:187,0,0,18
BRDA:187,0,1,0
BRDA:190,0,0,3
BRDA:190,e0,1,0
BRDA:191,0,0,3
BRDA:191,e0,1,0
BRDA:191,0,2,3
BRDA:191,0,3,0
BRDA:191,0,4,3
BRDA:191,e0,5,0
BRDA:191,0,6,1
BRDA:191,0,7,2
BRDA:191,0,8,1
BRDA:191,0,9,2
BRDA:193,0,0,2
BRDA:193,e0,1,0
BRDA:193,0,2,2
BRDA:193,e0,3,0
BRDA:194,0,0,1
BRDA:194,0,1,1
BRDA:196,0,0,1
BRDA:196,e0,1,0
BRDA:196,0,2,1
BRDA:196,e0,3,0
BRDA:198,0,0,1
BRDA:198,e0,1,0
BRDA:199,0,0,1
BRDA:199,e0,1,0
BRDA:200,0,0,1
BRDA:200,e0,1,0
BRDA:200,0,2,1
BRDA:200,e0,3,0
BRDA:200,0,4,0
BRDA:200,0,5,1
BRDA:201,0,0,-
BRDA:201,e0,1,-
BRDA:203,0,0,2
BRDA:203,0,1,1
BRDA:204,0,0,0
BRDA:204,0,1,2
BRDA:205,0,0,1
BRDA:205,0,1,1
BRDA:207,0,0,1
BRDA:207,e0,1,0
BRDA:207,0,2,1
BRDA:207,e0,3,0
BRDA:207,0,4,1
BRDA:207,0,5,0
BRDA:208,0,0,1
BRDA:208,e0,1,0
BRDA:213,0,0,1
BRDA:213,0,1,1
BRDA:213,0,2,1
BRDA:213,0,3,2
BRDA:217,0,0,7
BRDA:217,e0,1,0
BRDA:217,0,2,7
BRDA:217,e0,3,0
BRDA:217,0,4,7
BRDA:217,e0,5,0
BRDA:218,0,0,7
BRDA:218,e0,1,0
BRDA:218,0,2,1
BRDA:218,0,3,6
BRDA:220,0,0,6
BRDA:220,e0,1,0
BRDA:220,0,2,18
BRDA:220,0,3,6
BRDA:221,0,0,18
BRDA:221,e0,1,0
BRDA:221,0,2,0
BRDA:221,0,3,18
BRDA:222,0,0,18
BRDA:222,e0,1,0
BRDA:223,0,0,18
BRDA:223,e0,1,0
BRDA:223,0,2,18
BRDA:223,e0,3,0
BRDA:223,0,4,18
BRDA:223,e0,5,0
BRDA:223,0,6,18
BRDA:223,e0,7,0
BRDA:224,0,0,18
BRDA:224,e0,1,0
BRDA:224,0,2,18
BRDA:224,e0,3,0
BRDA:224,0,4,18
BRDA:224,e0,5,0
BRDA:226,0,0,18
BRDA:226,0,1,0
BRDA:226,0,2,18
BRDA:226,0,3,0
BRDA:227,0,0,18
BRDA:227,e0,1,0
BRDA:230,0,0,18
BRDA:230,0,1,0
BRDA:231,0,0,6
BRDA:231,e0,1,0
BRDA:231,0,2,6
BRDA:231,e0,3,0
BRDA:231,0,4,6
BRDA:231,e0,5,0
BRDA:233,0,0,6
BRDA:233,e0,1,0
BRDA:233,0,2,30
BRDA:233,0,3,6
BRDA:234,0,0,30
BRDA:234,e0,1,0
BRDA:234,0,2,30
BRDA:234,e0,3,0
BRDA:234,0,4,158
BRDA:234,0,5,30
BRDA:235,0,0,158
BRDA:235,e0,1,0
BRDA:235,0,2,158
BRDA:235,e0,3,0
BRDA:235,0,4,158
BRDA:235,e0,5,0
BRDA:235,0,6,29
BRDA:235,0,7,129
BRDA:236,0,0,29
BRDA:236,e0,1,0
BRDA:242,0,0,6
BRDA:242,e0,1,0
BRDA:243,0,0,6
BRDA:243,e0,1,0
BRDA:243,0,2,6
BRDA:243,e0,3,0
BRDA:245,0,0,6
BRDA:245,e0,1,0
BRDA:246,0,0,6
BRDA:246,e0,1,0
BRDA:246,0,2,6
BRDA:246,e0,3,0
BRDA:249,0,0,6
BRDA:249,e0,1,0
BRDA:249,0,2,6
BRDA:249,e0,3,0
BRDA:252,0,0,6
BRDA:252,e0,1,0
BRDA:252,0,2,6
BRDA:252,e0,3,0
BRDA:254,0,0,6
BRDA:254,e0,1,0
BRDA:255,0,0,6
BRDA:255,e0,1,0
BRDA:257,0,0,6
BRDA:257,e0,1,0
BRDA:258,0,0,6
BRDA:258,e0,1,0
BRDA:261,0,0,6
BRDA:261,e0,1,0
BRDA:262,0,0,6
BRDA:262,e0,1,0
BRDA:264,0,0,6
BRDA:264,e0,1,0
BRDA:265,0,0,6
BRDA:265,e0,1,0
BRDA:267,0,0,6
BRDA:267,e0,1,0
BRDA:268,0,0,6
BRDA:268,e0,1,0
BRDA:270,0,0,6
BRDA:270,e0,1,0
BRDA:271,0,0,6
BRDA:271,e0,1,0
BRDA:275,0,0,6
BRDA:275,e0,1,0
BRDA:275,0,2,6
BRDA:275,e0,3,0
BRDA:278,0,0,6
BRDA:278,e0,1,0
BRDA:278,0,2,6
BRDA:278,e0,3,0
BRDA:280,0,0,6
BRDA:280,e0,1,0
BRDA:288,0,0,1
BRDA:288,e0,1,0
BRDA:288,0,2,1
BRDA:288,e0,3,0
BRDA:288,0,4,1
BRDA:288,e0,5,0
BRDA:289,0,0,1
BRDA:289,e0,1,0
BRDA:289,0,2,1
BRDA:289,e0,3,0
BRDA:289,0,4,1
BRDA:289,e0,5,0
BRDA:290,0,0,1
BRDA:290,e0,1,0
BRDA:292,0,0,1
BRDA:292,e0,1,0
BRDA:293,0,0,1
BRDA:293,e0,1,0
BRDA:298,0,0,2
BRDA:298,e0,1,0
BRDA:299,0,0,2
BRDA:299,e0,1,0
BRDA:303,0,0,6
BRDA:303,e0,1,0
BRDA:303,0,2,6
BRDA:303,e0,3,0
BRDA:303,0,4,6
BRDA:303,e0,5,0
BRDA:304,0,0,6
BRDA:304,e0,1,0
BRDA:304,0,2,6
BRDA:304,e0,3,0
BRDA:304,0,4,6
BRDA:304,e0,5,0
BRDA:306,0,0,6
BRDA:306,e0,1,0
BRDA:306,0,2,6
BRDA:306,e0,3,0
BRDA:306,0,4,6
BRDA:306,e0,5,0
BRDA:306,0,6,6
BRDA:306,e0,7,0
BRDA:306,0,8,6
BRDA:306,e0,9,0
BRDA:306,0,10,6
BRDA:306,e0,11,0
BRDA:307,0,0,6
BRDA:307,e0,1,0
BRDA:308,0,0,6
BRDA:308,e0,1,0
BRDA:308,0,2,6
BRDA:308,e0,3,0
BRDA:309,0,0,6
BRDA:309,e0,1,0
BRDA:309,0,2,6
BRDA:309,e0,3,0
BRDA:309,0,4,12
BRDA:309,0,5,6
BRDA:310,0,0,12
BRDA:310,e0,1,0
BRDA:310,0,2,12
BRDA:310,e0,3,0
BRDA:310,0,4,12
BRDA:310,e0,5,0
BRDA:312,0,0,6
BRDA:312,e0,1,0
BRDA:312,0,2,5
BRDA:312,0,3,1
BRDA:312,0,4,5
BRDA:312,e0,5,0
BRDA:312,0,6,0
BRDA:312,0,7,5
BRDA:312,0,8,5
BRDA:312,0,9,1
BRDA:312,0,10,5
BRDA:312,0,11,1
BRDA:312,0,12,6
BRDA:312,0,13,0
BRDA:312,0,14,6
BRDA:312,0,15,0
BRDA:312,0,16,1
BRDA:312,0,17,5
BRDA:312,0,18,0
BRDA:312,0,19,0
BRDA:312,0,20,0
BRDA:312,0,21,0
BRDA:312,0,22,0
BRDA:312,0,23,0
BRDA:312,0,24,0
BRDA:312,0,25,0
BRDA:315,0,0,5
BRDA:315,e0,1,0
BRDA:315,0,2,4
BRDA:315,0,3,1
BRDA:315,0,4,4
BRDA:315,e0,5,0
BRDA:315,0,6,0
BRDA:315,0,7,4
BRDA:315,0,8,4
BRDA:315,0,9,1
BRDA:315,0,10,4
BRDA:315,0,11,1
BRDA:315,0,12,5
BRDA:315,0,13,0
BRDA:315,0,14,5
BRDA:315,0,15,0
BRDA:315,0,16,1
BRDA:315,0,17,4
BRDA:315,0,18,0
BRDA:315,0,19,0
BRDA:315,0,20,0
BRDA:315,0,21,0
BRDA:315,0,22,0
BRDA:315,0,23,0
BRDA:315,0,24,0
BRDA:315,0,25,0
BRDA:318,0,0,2
BRDA:318,0,1,2
BRDA:319,0,0,2
BRDA:319,e0,1,0
BRDA:320,0,0,2
BRDA:320,e0,1,0
BRDA:320,0,2,2
BRDA:320,e0,3,0
BRDA:322,0,0,2
BRDA:322,0,1,2
BRDA:323,0,0,2
BRDA:323,e0,1,0
BRDA:325,0,0,4
BRDA:325,0,1,2
BRDA:325,0,2,4
BRDA:325,0,3,2
BRDA:325,0,4,4
BRDA:325,0,5,2
BRDA:328,0,0,-
BRDA:328,e0,1,-
BRDA:329,0,0,-
BRDA:329,e0,1,-
BRDA:333,0,0,-
BRDA:333,e0,1,-
BRDA:334,0,0,-
BRDA:334,e0,1,-
BRDA:335,0,0,-
BRDA:335,e0,1,-
BRDA:339,0,0,-
BRDA:339,e0,1,-
BRDA:340,0,0,-
BRDA:340,e0,1,-
BRDA:344,0,0,-
BRDA:344,e0,1,-
BRDA:345,0,0,-
BRDA:345,e0,1,-
BRDA:349,0,0,-
BRDA:349,e0,1,-
BRDA:349,0,2,-
BRDA:349,e0,3,-
BRDA:349,0,4,-
BRDA:349,0,5,-
BRDA:350,0,0,-
BRDA:350,e0,1,-
BRDA:353,0,0,-
BRDA:353,e0,1,-
BRDA:354,0,0,-
BRDA:354,e0,1,-
BRDA:363,0,0,4
BRDA:363,e0,1,0
BRDA:363,0,2,4
BRDA:363,e0,3,0
BRDA:363,0,4,12
BRDA:363,0,5,4
BRDA:364,0,0,24
BRDA:364,0,1,12
BRDA:365,0,0,24
BRDA:365,e0,1,0
BRDA:369,0,0,1
BRDA:369,0,1,3
BRDA:370,0,0,1
BRDA:370,e0,1,0
BRDA:370,0,2,1
BRDA:370,e0,3,0
BRDA:375,0,0,3
BRDA:375,0,1,0
BRDA:375,0,2,3
BRDA:375,e0,3,0
BRDA:375,0,4,3
BRDA:375,e0,5,0
BRDA:375,0,6,3
BRDA:375,e0,7,0
BRDA:377,0,0,18
BRDA:377,0,1,3
BRDA:378,0,0,18
BRDA:378,e0,1,0
BRDA:378,0,2,18
BRDA:378,e0,3,0
BRDA:378,0,4,18
BRDA:378,e0,5,0
BRDA:380,0,0,3
BRDA:380,0,1,1
BRDA:383,0,0,1
BRDA:383,e0,1,0
BRDA:385,0,0,1
BRDA:385,e0,1,0
BRDA:386,0,0,1
BRDA:386,e0,1,0
BRDA:388,0,0,1
BRDA:388,e0,1,0
BRDA:388,0,2,6
BRDA:388,0,3,1
BRDA:396,0,0,1
BRDA:396,e0,1,0
BRDA:398,0,0,1
BRDA:398,e0,1,0
BRDA:398,0,2,1
BRDA:398,e0,3,0
BRDA:403,0,0,0
BRDA:403,0,1,6
BRDA:404,0,0,-
BRDA:404,e0,1,-
BRDA:409,0,0,6
BRDA:409,e0,1,0
BRDA:409,0,2,6
BRDA:409,e0,3,0
BRDA:409,0,4,18
BRDA:409,0,5,6
BRDA:414,0,0,1
BRDA:414,0,1,5
BRDA:415,0,0,1
BRDA:415,e0,1,0
BRDA:419,0,0,1
BRDA:419,0,1,4
BRDA:420,0,0,1
BRDA:420,e0,1,0
BRDA:424,0,0,4
BRDA:424,e0,1,0
BRDA:428,0,0,23
BRDA:428,0,1,4
BRDA:429,0,0,23
BRDA:429,e0,1,0
BRDA:429,0,2,23
BRDA:429,e0,3,0
BRDA:432,0,0,4
BRDA:432,e0,1,0
BRDA:432,0,2,17
BRDA:432,0,3,4
BRDA:433,0,0,9
BRDA:433,0,1,5
BRDA:433,0,2,0
BRDA:433,0,3,3
BRDA:433,0,4,0
BRDA:435,0,0,9
BRDA:435,e0,1,0
BRDA:435,0,2,9
BRDA:435,e0,3,0
BRDA:435,0,4,9
BRDA:435,e0,5,0
BRDA:435,0,6,9
BRDA:435,e0,7,0
BRDA:435,0,8,0
BRDA:435,0,9,9
BRDA:435,0,10,0
BRDA:435,0,11,0
BRDA:436,0,0,9
BRDA:436,e0,1,0
BRDA:437,0,0,9
BRDA:437,e0,1,0
BRDA:441,0,0,5
BRDA:441,e0,1,0
BRDA:441,0,2,5
BRDA:441,e0,3,0
BRDA:441,0,4,5
BRDA:441,e0,5,0
BRDA:441,0,6,5
BRDA:441,e0,7,0
BRDA:441,0,8,0
BRDA:441,0,9,5
BRDA:441,0,10,0
BRDA:441,0,11,0
BRDA:442,0,0,5
BRDA:442,e0,1,0
BRDA:443,0,0,5
BRDA:443,e0,1,0
BRDA:447,0,0,-
BRDA:447,e0,1,-
BRDA:447,0,2,-
BRDA:447,e0,3,-
BRDA:447,0,4,-
BRDA:447,e0,5,-
BRDA:447,0,6,-
BRDA:447,e0,7,-
BRDA:447,0,8,-
BRDA:447,0,9,-
BRDA:447,0,10,-
BRDA:447,0,11,-
BRDA:448,0,0,-
BRDA:448,e0,1,-
BRDA:449,0,0,-
BRDA:449,e0,1,-
BRDA:453,0,0,3
BRDA:453,e0,1,0
BRDA:453,0,2,3
BRDA:453,e0,3,0
BRDA:453,0,4,3
BRDA:453,e0,5,0
BRDA:453,0,6,3
BRDA:453,e0,7,0
BRDA:453,0,8,0
BRDA:453,0,9,3
BRDA:453,0,10,0
BRDA:453,0,11,0
BRDA:454,0,0,3
BRDA:454,e0,1,0
BRDA:455,0,0,3
BRDA:455,e0,1,0
BRDA:463,0,0,4
BRDA:463,e0,1,0
BRDA:464,0,0,4
BRDA:464,e0,1,0
BRDA:464,0,2,17
BRDA:464,0,3,4
BRDA:465,0,0,17
BRDA:465,e0,1,0
BRDA:466,0,0,17
BRDA:466,e0,1,0
BRDA:466,0,2,17
BRDA:466,e0,3,0
BRDA:466,0,4,17
BRDA:466,e0,5,0
BRDA:466,0,6,17
BRDA:466,e0,7,0
BRDA:466,0,8,17
BRDA:466,e0,9,0
BRDA:467,0,0,17
BRDA:467,e0,1,0
BRDA:467,0,2,17
BRDA:467,e0,3,0
BRDA:467,0,4,17
BRDA:467,e0,5,0
BRDA:467,0,6,17
BRDA:467,e0,7,0
BRDA:467,0,8,17
BRDA:467,e0,9,0
BRDA:468,0,0,17
BRDA:468,e0,1,0
BRDA:468,0,2,17
BRDA:468,e0,3,0
BRDA:471,0,0,4
BRDA:471,e0,1,0
BRDA:471,0,2,17
BRDA:471,0,3,4
BRDA:474,0,0,17
BRDA:474,e0,1,0
BRDA:475,0,0,17
BRDA:475,e0,1,0
BRDA:476,0,0,17
BRDA:476,e0,1,0
BRDA:479,0,0,23
BRDA:479,0,1,4
BRDA:480,0,0,23
BRDA:480,e0,1,0
BRDA:480,0,2,23
BRDA:480,e0,3,0
BRDA:483,0,0,4
BRDA:483,e0,1,0
BRDA:485,0,0,4
BRDA:485,e0,1,0
BRF:817
BRH:419
DA:24,22
DA:26,22
DA:29,22
DA:30,22
DA:32,22
DA:33,22
DA:34,22
DA:36,50
DA:38,50
DA:39,50
DA:40,0
DA:41,0
DA:43,50
DA:44,50
DA:45,50
DA:46,50
DA:47,50
DA:48,50
DA:49,50
DA:50,50
DA:52,388
DA:54,388
DA:55,388
DA:56,388
DA:57,102
DA:59,469
DA:60,367
DA:61,367
DA:62,49
DA:63,318
DA:65,102
DA:67,68
DA:69,68
DA:70,68
DA:71,68
DA:72,50
DA:73,18
DA:76,1
DA:78,1
DA:79,1
DA:80,1
DA:81,1
DA:82,2
DA:83,2
DA:84,1
DA:86,1
DA:87,1
DA:88,1
DA:90,1
DA:91,1
DA:93,1
DA:94,1
DA:95,1
DA:96,1
DA:97,1
DA:99,1
DA:102,1
DA:103,1
DA:105,0
DA:107,0
DA:108,0
DA:110,0
DA:111,0
DA:113,50
DA:115,50
DA:116,50
DA:117,50
DA:118,0
DA:119,50
DA:120,0
DA:121,50
DA:122,50
DA:123,0
DA:124,50
DA:125,50
DA:126,0
DA:127,229
DA:128,180
DA:129,49
DA:130,131
DA:131,1
DA:132,2
DA:133,2
DA:134,2
DA:135,1
DA:136,1
DA:137,1
DA:140,49
DA:141,49
DA:143,49
DA:144,98
DA:145,98
DA:146,49
DA:148,49
DA:149,98
DA:150,98
DA:151,49
DA:153,49
DA:154,49
DA:155,52
DA:160,18
DA:162,18
DA:164,18
DA:165,18
DA:166,0
DA:168,18
DA:169,18
DA:170,18
DA:171,6
DA:172,6
DA:173,6
DA:174,3
DA:175,3
DA:176,3
DA:177,7
DA:178,7
DA:179,7
DA:180,1
DA:181,1
DA:182,2
DA:183,2
DA:184,2
DA:185,2
DA:187,18
DA:189,3
DA:190,3
DA:191,3
DA:192,1
DA:193,2
DA:194,2
DA:195,1
DA:196,1
DA:198,2
DA:199,1
DA:200,1
DA:201,0
DA:203,3
DA:204,2
DA:205,2
DA:206,1
DA:207,1
DA:208,1
DA:213,4
DA:215,7
DA:216,7
DA:217,7
DA:218,7
DA:219,1
DA:220,24
DA:221,18
DA:222,18
DA:223,18
DA:224,18
DA:226,18
DA:227,18
DA:230,18
DA:231,6
DA:232,6
DA:233,36
DA:234,188
DA:235,158
DA:236,29
DA:242,6
DA:243,6
DA:245,6
DA:246,6
DA:248,6
DA:249,6
DA:251,6
DA:252,6
DA:254,6
DA:255,6
DA:257,6
DA:258,6
DA:261,6
DA:262,6
DA:264,6
DA:265,6
DA:267,6
DA:268,6
DA:270,6
DA:271,6
DA:274,6
DA:275,6
DA:277,6
DA:278,6
DA:280,6
DA:283,6
DA:284,7
DA:286,1
DA:288,1
DA:289,1
DA:290,1
DA:292,1
DA:293,1
DA:294,1
DA:296,2
DA:298,2
DA:299,2
DA:300,2
DA:302,6
DA:303,6
DA:304,6
DA:306,6
DA:307,6
DA:308,6
DA:309,18
DA:310,12
DA:312,6
DA:313,1
DA:315,5
DA:316,1
DA:318,4
DA:319,2
DA:320,2
DA:322,4
DA:323,2
DA:325,10
DA:327,0
DA:328,0
DA:329,0
DA:330,0
DA:332,0
DA:333,0
DA:334,0
DA:335,0
DA:336,0
DA:338,0
DA:339,0
DA:340,0
DA:341,0
DA:343,0
DA:344,0
DA:345,0
DA:346,0
DA:348,0
DA:349,0
DA:350,0
DA:353,0
DA:354,0
DA:355,0
DA:359,4
DA:360,4
DA:362,4
DA:363,16
DA:364,36
DA:365,24
DA:369,4
DA:370,1
DA:371,1
DA:375,3
DA:377,21
DA:378,18
DA:380,4
DA:382,1
DA:383,1
DA:385,1
DA:386,1
DA:388,7
DA:389,6
DA:392,1
DA:393,1
DA:394,1
DA:396,1
DA:398,1
DA:399,1
DA:401,6
DA:403,6
DA:404,0
DA:405,2
DA:408,6
DA:409,24
DA:410,18
DA:414,6
DA:415,1
DA:416,1
DA:419,5
DA:420,1
DA:421,1
DA:424,4
DA:425,4
DA:427,4
DA:428,27
DA:429,23
DA:432,21
DA:433,17
DA:434,9
DA:435,9
DA:436,9
DA:437,9
DA:438,9
DA:439,9
DA:440,5
DA:441,5
DA:442,5
DA:443,5
DA:444,5
DA:445,5
DA:446,0
DA:447,0
DA:448,0
DA:449,0
DA:450,0
DA:451,0
DA:452,3
DA:453,3
DA:454,3
DA:455,3
DA:456,3
DA:457,3
DA:458,0
DA:459,0
DA:463,4
DA:464,21
DA:465,17
DA:466,17
DA:467,17
DA:468,17
DA:469,17
DA:471,21
DA:472,17
DA:473,17
DA:474,17
DA:475,17
DA:476,17
DA:477,17
DA:479,27
DA:480,23
DA:483,4
DA:485,4
DA:486,0
DA:487,0
LF:332
LH:285
end_of_record
TN:
SF:/home/milica/Desktop/2023_Analysis_lexy/Mafija/server_client/Server/serverworker.cpp
FNL:0,20,23
FNA:0,50,_ZN12ServerWorker21set_socket_descriptorEx
FNL:1,25,32
FNA:1,388,_ZN12ServerWorker9send_jsonERK11QJsonObject
FNL:2,34,37
FNA:2,0,_ZN12ServerWorker22disconnect_from_clientEv
FNL:3,39,42
FNA:3,848,_ZNK12ServerWorker12get_usernameEv
FNL:4,44,47
FNA:4,49,_ZN12ServerWorker12set_usernameERK7QString
FNL:5,49,73
FNA:5,68,_ZN12ServerWorker12receive_jsonEv
FNL:6,7,18
FNA:6,50,_ZN12ServerWorkerC2EP7QObject
FNF:7
FNH:6
BRDA:9,0,0,50
BRDA:9,e0,1,0
BRDA:9,0,2,50
BRDA:9,e0,3,0
BRDA:9,0,4,0
BRDA:9,0,5,50
BRDA:9,0,6,0
BRDA:9,0,7,0
BRDA:11,0,0,50
BRDA:11,e0,1,0
BRDA:12,0,0,50
BRDA:12,e0,1,0
BRDA:16,0,0,50
BRDA:16,e0,1,0
BRDA:22,0,0,50
BRDA:22,e0,1,0
BRDA:27,0,0,388
BRDA:27,e0,1,0
BRDA:27,0,2,388
BRDA:27,e0,3,0
BRDA:28,0,0,388
BRDA:28,e0,1,0
BRDA:28,0,2,388
BRDA:28,e0,3,0
BRDA:28,0,4,388
BRDA:28,e0,5,0
BRDA:28,0,6,388
BRDA:28,e0,7,0
BRDA:28,0,8,388
BRDA:28,e0,9,0
BRDA:28,0,10,388
BRDA:28,e0,11,0
BRDA:28,0,12,388
BRDA:28,e0,13,0
BRDA:29,0,0,388
BRDA:29,e0,1,0
BRDA:31,0,0,388
BRDA:31,e0,1,0
BRDA:52,0,0,68
BRDA:52,e0,1,0
BRDA:56,0,0,136
BRDA:56,e0,1,0
BRDA:57,0,0,136
BRDA:57,e0,1,0
BRDA:58,0,0,136
BRDA:58,e0,1,0
BRDA:58,0,2,68
BRDA:58,0,3,68
BRDA:60,0,0,68
BRDA:60,e0,1,0
BRDA:61,0,0,68
BRDA:61,0,1,0
BRDA:62,0,0,68
BRDA:62,e0,1,0
BRDA:62,0,2,68
BRDA:62,0,3,0
BRDA:63,0,0,68
BRDA:63,e0,1,0
BRDA:63,0,2,68
BRDA:63,e0,3,0
BRDA:65,0,0,-
BRDA:65,e0,1,-
BRDA:65,0,2,-
BRDA:65,e0,3,-
BRDA:65,0,4,-
BRDA:65,e0,5,-
BRDA:65,0,6,-
BRDA:65,e0,7,-
BRDA:67,0,0,-
BRDA:67,e0,1,-
BRDA:67,0,2,-
BRDA:67,e0,3,-
BRDA:67,0,4,-
BRDA:67,e0,5,-
BRDA:67,0,6,-
BRDA:67,e0,7,-
BRF:76
BRH:30
DA:7,50
DA:9,50
DA:11,50
DA:12,50
DA:16,50
DA:18,50
DA:20,50
DA:22,50
DA:25,388
DA:27,388
DA:28,388
DA:29,388
DA:30,388
DA:31,388
DA:32,388
DA:34,0
DA:36,0
DA:37,0
DA:39,848
DA:41,848
DA:44,49
DA:46,49
DA:47,49
DA:49,68
DA:51,68
DA:52,68
DA:53,68
DA:56,136
DA:57,136
DA:58,136
DA:59,68
DA:60,68
DA:61,68
DA:62,68
DA:63,68
DA:65,0
DA:67,0
DA:69,68
DA:70,68
DA:72,68
DA:73,68
LF:41
LH:36
end_of_record
TN:
SF:/home/milica/Desktop/2023_Analysis_lexy/Mafija/server_client/Server/voiceserver.cpp
FNL:0,101,107
FNA:0,15,_ZNK11VoiceServer18is_client_deafenedERK7QString
FNL:1,11,22
FNA:1,21,_ZN11VoiceServer10add_clientERK7QStringP12ServerWorker
FNL:2,24,29
FNA:2,4,_ZN11VoiceServer13remove_clientERK7QString
FNL:3,31,39
FNA:3,12,_ZN11VoiceServer19update_client_stateERK7QStringbb
FNL:4,41,57
FNA:4,2,_ZN11VoiceServer16route_voice_dataERK7QStringRK11QJsonObject
FNL:5,59,91
FNA:5,0,_ZN11VoiceServer20broadcast_voice_dataERK7QStringRK11QJsonObject
FNL:6,6,9
FNA:6,42,_ZN11VoiceServerC2EP7QObject
FNL:7,93,99
FNA:7,21,_ZNK11VoiceServer15is_client_mutedERK7QString
FNF:8
FNH:7
BRDA:20,0,0,21
BRDA:20,e0,1,0
BRDA:21,0,0,21
BRDA:21,e0,1,0
BRDA:21,0,2,21
BRDA:21,e0,3,0
BRDA:26,0,0,2
BRDA:26,0,1,2
BRDA:27,0,0,2
BRDA:27,e0,1,0
BRDA:27,0,2,2
BRDA:27,e0,3,0
BRDA:33,0,0,11
BRDA:33,0,1,1
BRDA:36,0,0,11
BRDA:36,e0,1,0
BRDA:37,0,0,11
BRDA:37,e0,1,0
BRDA:37,0,2,11
BRDA:37,e0,3,0
BRDA:37,0,4,11
BRDA:37,e0,5,0
BRDA:44,0,0,1
BRDA:44,0,1,1
BRDA:48,0,0,1
BRDA:48,0,1,0
BRDA:61,0,0,-
BRDA:61,e0,1,-
BRDA:62,0,0,-
BRDA:62,e0,1,-
BRDA:66,0,0,-
BRDA:66,e0,1,-
BRDA:66,0,2,-
BRDA:66,e0,3,-
BRDA:66,0,4,-
BRDA:66,0,5,-
BRDA:71,0,0,-
BRDA:71,0,1,-
BRDA:76,0,0,-
BRDA:76,0,1,-
BRDA:81,0,0,-
BRDA:81,0,1,-
BRDA:82,0,0,-
BRDA:82,e0,1,-
BRDA:87,0,0,-
BRDA:87,0,1,-
BRDA:88,0,0,-
BRDA:88,e0,1,-
BRDA:89,0,0,-
BRDA:89,e0,1,-
BRDA:89,0,2,-
BRDA:89,e0,3,-
BRDA:95,0,0,17
BRDA:95,0,1,4
BRDA:96,0,0,17
BRDA:96,e0,1,0
BRDA:103,0,0,12
BRDA:103,0,1,3
BRDA:104,0,0,12
BRDA:104,e0,1,0
BRF:60
BRH:22
DA:6,42
DA:7,42
DA:9,42
DA:11,21
DA:13,21
DA:14,21
DA:15,21
DA:16,21
DA:17,21
DA:18,21
DA:20,21
DA:21,42
DA:22,21
DA:24,4
DA:26,4
DA:27,4
DA:29,4
DA:31,12
DA:33,12
DA:34,11
DA:35,11
DA:36,33
DA:37,55
DA:39,12
DA:41,2
DA:44,2
DA:45,1
DA:48,1
DA:49,1
DA:53,0
DA:56,0
DA:59,0
DA:61,0
DA:62,0
DA:64,0
DA:66,0
DA:67,0
DA:68,0
DA:71,0
DA:72,0
DA:76,0
DA:77,0
DA:81,0
DA:82,0
DA:83,0
DA:87,0
DA:88,0
DA:89,0
DA:91,0
DA:93,21
DA:95,21
DA:96,17
DA:98,4
DA:101,15
DA:103,15
DA:104,12
DA:106,3
LF:57
LH:37
end_of_record
TN:
SF:/home/milica/Desktop/2023_Analysis_lexy/Mafija/server_client/Shared/nightabilitiesserver.cpp
FNL:0,10,16
FNA:0,1,_ZN15night_abilities20NightAbilitiesServer16on_night_startedEv
FNL:1,18,23
FNA:1,0,_ZN15night_abilities20NightAbilitiesServer22on_player_used_abilityE7QStringS1_
FNL:2,25,74
FNA:2,0,_ZN15night_abilities20NightAbilitiesServer15on_night_endingEv
FNL:3,5,8
FNA:3,31,_ZN15night_abilities20NightAbilitiesServer8instanceEv
FNL:4,76,79
FNA:4,2,_ZN15night_abilities20NightAbilitiesServerC2EP7QObject
FNF:5
FNH:3
BRDA:6,0,0,2
BRDA:6,0,1,29
BRDA:6,0,2,2
BRDA:6,0,3,0
BRDA:6,0,4,2
BRDA:6,e0,5,0
BRDA:6,0,6,0
BRDA:6,0,7,0
BRDA:15,0,0,1
BRDA:15,e0,1,0
BRDA:19,0,0,-
BRDA:19,0,1,-
BRDA:32,0,0,-
BRDA:32,e0,1,-
BRDA:32,0,2,-
BRDA:32,e0,3,-
BRDA:32,0,4,-
BRDA:32,0,5,-
BRDA:33,0,0,-
BRDA:33,e0,1,-
BRDA:33,0,2,-
BRDA:33,e0,3,-
BRDA:34,0,0,-
BRDA:34,e0,1,-
BRDA:35,0,0,-
BRDA:35,e0,1,-
BRDA:35,0,2,-
BRDA:35,0,3,-
BRDA:35,0,4,-
BRDA:35,0,5,-
BRDA:35,0,6,-
BRDA:37,0,0,-
BRDA:37,e0,1,-
BRDA:41,0,0,-
BRDA:41,e0,1,-
BRDA:45,0,0,-
BRDA:45,e0,1,-
BRDA:45,0,2,-
BRDA:45,e0,3,-
BRDA:45,0,4,-
BRDA:45,e0,5,-
BRDA:45,0,6,-
BRDA:45,0,7,-
BRDA:46,0,0,-
BRDA:46,e0,1,-
BRDA:46,0,2,-
BRDA:46,e0,3,-
BRDA:49,0,0,-
BRDA:49,e0,1,-
BRDA:49,0,2,-
BRDA:49,e0,3,-
BRDA:60,0,0,-
BRDA:60,e0,1,-
BRDA:62,0,0,-
BRDA:62,0,1,-
BRDA:63,0,0,-
BRDA:63,0,1,-
BRDA:64,0,0,-
BRDA:64,e0,1,-
BRDA:65,0,0,-
BRDA:65,e0,1,-
BRDA:69,0,0,-
BRDA:69,0,1,-
BRDA:70,0,0,-
BRDA:70,e0,1,-
BRDA:73,0,0,-
BRDA:73,e0,1,-
BRF:67
BRH:5
DA:5,31
DA:6,31
DA:7,31
DA:10,1
DA:11,1
DA:12,1
DA:13,1
DA:15,1
DA:16,1
DA:18,0
DA:19,0
DA:20,0
DA:22,0
DA:25,0
DA:26,0
DA:27,0
DA:28,0
DA:30,0
DA:32,0
DA:33,0
DA:34,0
DA:35,0
DA:36,0
DA:37,0
DA:38,0
DA:40,0
DA:41,0
DA:42,0
DA:44,0
DA:45,0
DA:46,0
DA:49,0
DA:51,0
DA:53,0
DA:54,0
DA:55,0
DA:57,0
DA:59,0
DA:60,0
DA:62,0
DA:63,0
DA:64,0
DA:65,0
DA:69,0
DA:70,0
DA:73,0
DA:74,0
DA:76,2
DA:77,2
DA:79,2
LF:50
LH:12
end_of_record
TN:
SF:/home/milica/Desktop/2023_Analysis_lexy/Mafija/server_client/Shared/nightabilitiesserver.h
FNL:0,18,18
FNA:0,0,_ZN15night_abilities20NightAbilitiesServerD0Ev
FNA:0,2,_ZN15night_abilities20NightAbilitiesServerD2Ev
FNF:1
FNH:1
DA:18,2
LF:1
LH:1
end_of_record
TN:
SF:/home/milica/Desktop/2023_Analysis_lexy/Mafija/server_client/Shared/nightaction.cpp
FNL:0,12,14
FNA:0,0,_ZNK15night_abilities11NightAction8get_typeEv
FNL:1,5,6
FNA:1,0,_ZN15night_abilities11NightActionC2ENS_16NightActionTypesE7QString
FNL:2,8,10
FNA:2,0,_ZNK15night_abilities11NightAction10get_targetEv
FNF:3
FNH:0
DA:5,0
DA:6,0
DA:8,0
DA:9,0
DA:12,0
DA:13,0
LF:6
LH:0
end_of_record
TN:
SF:/home/milica/Desktop/2023_Analysis_lexy/Mafija/server_client/Shared/protocol.cpp
FNL:0,102,109
FNA:0,4,_ZN10mafia_game19create_chat_messageERK7QStringS2_RKb
FNL:1,110,117
FNA:1,0,_ZN10mafia_game28create_invalid_state_messageERK7QStringS2_
FNL:2,118,124
FNA:2,1,_ZN10mafia_game19create_night_actionENS_4RoleERK7QString
FNL:3,126,132
FNA:3,3,_ZN10mafia_game19create_player_stateERK7QStringNS_4RoleEb
FNL:4,133,140
FNA:4,1,_ZN10mafia_game24create_game_state_updateERK7QStringiRK10QJsonArray
FNL:5,141,145
FNA:5,1,_ZN10mafia_game28create_night_started_messageEv
FNL:6,147,153
FNA:6,1,_ZN10mafia_game18create_ability_useERK7QStringS2_
FNL:7,155,159
FNA:7,1,_ZN10mafia_game29create_voting_started_messageEv
FNL:8,161,176
FNA:8,1,_ZN10mafia_game27create_voting_ended_messageERK5QListI7QStringERKS0_ISt4pairIS1_S1_EE
FNL:9,178,184
FNA:9,8,_ZN10mafia_game11create_voteERK7QStringS2_
FNL:10,186,193
FNA:10,18,_ZN10mafia_game30create_role_assignment_messageENS_4RoleER7QStringR10QJsonArray
FNL:11,195,210
FNA:11,9,_ZN10mafia_game17create_start_gameERK5QListISt4pairINS_4RoleEiEERK10QJsonArray
FNL:12,212,217
FNA:12,3,_ZN10mafia_game24create_game_over_messageERK7QString
FNL:13,219,231
FNA:13,1,_ZN10mafia_game26create_night_ended_messageERK7QStringRK4QMapIS0_S0_E
FNL:14,233,237
FNA:14,1,_ZN10mafia_game26create_day_started_messageEv
FNL:15,239,246
FNA:15,2,_ZN10mafia_game23create_player_selectionERK7QStringb
FNL:16,248,253
FNA:16,2,_ZN10mafia_game20create_lists_requestEv
FNL:17,255,278
FNA:17,54,_ZN10mafia_game25create_waiting_room_listsER5QHashI7QStringbE
FNL:18,49,73
FNA:18,167,_ZN10mafia_game22message_type_to_stringENS_11MessageTypeE
FNL:19,6,48
FNA:19,70,_ZN10mafia_game24message_type_from_stringERK7QString
FNL:20,75,85
FNA:20,32,_ZN10mafia_game16role_from_stringERK7QString
FNL:21,86,94
FNA:21,78,_ZN10mafia_game14role_to_stringENS_4RoleE
FNL:22,96,101
FNA:22,3,_ZN10mafia_game20create_login_messageERK7QString
FNF:23
FNH:22
BRDA:7,0,0,4
BRDA:7,0,1,66
BRDA:9,0,0,8
BRDA:9,0,1,58
BRDA:11,0,0,2
BRDA:11,0,1,56
BRDA:13,0,0,2
BRDA:13,0,1,54
BRDA:15,0,0,2
BRDA:15,0,1,52
BRDA:17,0,0,7
BRDA:17,0,1,45
BRDA:19,0,0,3
BRDA:19,0,1,42
BRDA:21,0,0,3
BRDA:21,0,1,39
BRDA:23,0,0,1
BRDA:23,0,1,38
BRDA:25,0,0,7
BRDA:25,0,1,31
BRDA:27,0,0,1
BRDA:27,0,1,30
BRDA:29,0,0,8
BRDA:29,0,1,22
BRDA:31,0,0,6
BRDA:31,0,1,16
BRDA:33,0,0,1
BRDA:33,0,1,15
BRDA:35,0,0,2
BRDA:35,0,1,13
BRDA:37,0,0,2
BRDA:37,0,1,11
BRDA:39,0,0,3
BRDA:39,0,1,8
BRDA:41,0,0,2
BRDA:41,0,1,6
BRDA:43,0,0,2
BRDA:43,0,1,4
BRDA:45,0,0,3
BRDA:45,0,1,1
BRDA:50,0,0,9
BRDA:50,0,1,56
BRDA:50,0,2,4
BRDA:50,0,3,4
BRDA:50,0,4,8
BRDA:50,0,5,9
BRDA:50,0,6,3
BRDA:50,0,7,3
BRDA:50,0,8,3
BRDA:50,0,9,10
BRDA:50,0,10,1
BRDA:50,0,11,1
BRDA:50,0,12,11
BRDA:50,0,13,24
BRDA:50,0,14,3
BRDA:50,0,15,3
BRDA:50,0,16,3
BRDA:50,0,17,3
BRDA:50,0,18,3
BRDA:50,0,19,5
BRDA:50,0,20,1
BRDA:76,0,0,11
BRDA:76,0,1,21
BRDA:78,0,0,6
BRDA:78,0,1,15
BRDA:80,0,0,5
BRDA:80,0,1,10
BRDA:82,0,0,9
BRDA:82,0,1,1
BRDA:87,0,0,31
BRDA:87,0,1,9
BRDA:87,0,2,24
BRDA:87,0,3,13
BRDA:87,0,4,1
BRDA:98,0,0,3
BRDA:98,e0,1,0
BRDA:98,0,2,3
BRDA:98,e0,3,0
BRDA:98,0,4,3
BRDA:98,e0,5,0
BRDA:98,0,6,3
BRDA:98,e0,7,0
BRDA:98,0,8,3
BRDA:98,e0,9,0
BRDA:99,0,0,3
BRDA:99,e0,1,0
BRDA:99,0,2,3
BRDA:99,e0,3,0
BRDA:99,0,4,3
BRDA:99,e0,5,0
BRDA:99,0,6,3
BRDA:99,e0,7,0
BRDA:104,0,0,4
BRDA:104,e0,1,0
BRDA:104,0,2,4
BRDA:104,e0,3,0
BRDA:104,0,4,4
BRDA:104,e0,5,0
BRDA:104,0,6,4
BRDA:104,e0,7,0
BRDA:104,0,8,4
BRDA:104,e0,9,0
BRDA:105,0,0,4
BRDA:105,e0,1,0
BRDA:105,0,2,4
BRDA:105,e0,3,0
BRDA:105,0,4,4
BRDA:105,e0,5,0
BRDA:105,0,6,4
BRDA:105,e0,7,0
BRDA:106,0,0,4
BRDA:106,e0,1,0
BRDA:106,0,2,4
BRDA:106,e0,3,0
BRDA:106,0,4,4
BRDA:106,e0,5,0
BRDA:106,0,6,4
BRDA:106,e0,7,0
BRDA:107,0,0,4
BRDA:107,e0,1,0
BRDA:107,0,2,4
BRDA:107,e0,3,0
BRDA:107,0,4,4
BRDA:107,e0,5,0
BRDA:107,0,6,4
BRDA:107,e0,7,0
BRDA:113,0,0,-
BRDA:113,e0,1,-
BRDA:113,0,2,-
BRDA:113,e0,3,-
BRDA:113,0,4,-
BRDA:113,e0,5,-
BRDA:113,0,6,-
BRDA:113,e0,7,-
BRDA:113,0,8,-
BRDA:113,e0,9,-
BRDA:114,0,0,-
BRDA:114,e0,1,-
BRDA:114,0,2,-
BRDA:114,e0,3,-
BRDA:114,0,4,-
BRDA:114,e0,5,-
BRDA:114,0,6,-
BRDA:114,e0,7,-
BRDA:115,0,0,-
BRDA:115,e0,1,-
BRDA:115,0,2,-
BRDA:115,e0,3,-
BRDA:115,0,4,-
BRDA:115,e0,5,-
BRDA:115,0,6,-
BRDA:115,e0,7,-
BRDA:120,0,0,1
BRDA:120,e0,1,0
BRDA:120,0,2,1
BRDA:120,e0,3,0
BRDA:120,0,4,1
BRDA:120,e0,5,0
BRDA:120,0,6,1
BRDA:120,e0,7,0
BRDA:120,0,8,1
BRDA:120,e0,9,0
BRDA:121,0,0,1
BRDA:121,e0,1,0
BRDA:121,0,2,1
BRDA:121,e0,3,0
BRDA:121,0,4,1
BRDA:121,e0,5,0
BRDA:121,0,6,1
BRDA:121,e0,7,0
BRDA:121,0,8,1
BRDA:121,e0,9,0
BRDA:122,0,0,1
BRDA:122,e0,1,0
BRDA:122,0,2,1
BRDA:122,e0,3,0
BRDA:122,0,4,1
BRDA:122,e0,5,0
BRDA:122,0,6,1
BRDA:122,e0,7,0
BRDA:128,0,0,3
BRDA:128,e0,1,0
BRDA:128,0,2,3
BRDA:128,e0,3,0
BRDA:128,0,4,3
BRDA:128,e0,5,0
BRDA:128,0,6,3
BRDA:128,e0,7,0
BRDA:129,0,0,3
BRDA:129,e0,1,0
BRDA:129,0,2,3
BRDA:129,e0,3,0
BRDA:129,0,4,3
BRDA:129,e0,5,0
BRDA:129,0,6,3
BRDA:129,e0,7,0
BRDA:129,0,8,3
BRDA:129,e0,9,0
BRDA:130,0,0,3
BRDA:130,e0,1,0
BRDA:130,0,2,3
BRDA:130,e0,3,0
BRDA:130,0,4,3
BRDA:130,e0,5,0
BRDA:130,0,6,3
BRDA:130,e0,7,0
BRDA:135,0,0,1
BRDA:135,e0,1,0
BRDA:135,0,2,1
BRDA:135,e0,3,0
BRDA:135,0,4,1
BRDA:135,e0,5,0
BRDA:135,0,6,1
BRDA:135,e0,7,0
BRDA:135,0,8,1
BRDA:135,e0,9,0
BRDA:136,0,0,1
BRDA:136,e0,1,0
BRDA:136,0,2,1
BRDA:136,e0,3,0
BRDA:136,0,4,1
BRDA:136,e0,5,0
BRDA:136,0,6,1
BRDA:136,e0,7,0
BRDA:137,0,0,1
BRDA:137,e0,1,0
BRDA:137,0,2,1
BRDA:137,e0,3,0
BRDA:137,0,4,1
BRDA:137,e0,5,0
BRDA:137,0,6,1
BRDA:137,e0,7,0
BRDA:138,0,0,1
BRDA:138,e0,1,0
BRDA:138,0,2,1
BRDA:138,e0,3,0
BRDA:138,0,4,1
BRDA:138,e0,5,0
BRDA:138,0,6,1
BRDA:138,e0,7,0
BRDA:143,0,0,1
BRDA:143,e0,1,0
BRDA:143,0,2,1
BRDA:143,e0,3,0
BRDA:143,0,4,1
BRDA:143,e0,5,0
BRDA:143,0,6,1
BRDA:143,e0,7,0
BRDA:143,0,8,1
BRDA:143,e0,9,0
BRDA:149,0,0,1
BRDA:149,e0,1,0
BRDA:149,0,2,1
BRDA:149,e0,3,0
BRDA:149,0,4,1
BRDA:149,e0,5,0
BRDA:149,0,6,1
BRDA:149,e0,7,0
BRDA:149,0,8,1
BRDA:149,e0,9,0
BRDA:150,0,0,1
BRDA:150,e0,1,0
BRDA:150,0,2,1
BRDA:150,e0,3,0
BRDA:150,0,4,1
BRDA:150,e0,5,0
BRDA:150,0,6,1
BRDA:150,e0,7,0
BRDA:151,0,0,1
BRDA:151,e0,1,0
BRDA:151,0,2,1
BRDA:151,e0,3,0
BRDA:151,0,4,1
BRDA:151,e0,5,0
BRDA:151,0,6,1
BRDA:151,e0,7,0
BRDA:157,0,0,1
BRDA:157,e0,1,0
BRDA:157,0,2,1
BRDA:157,e0,3,0
BRDA:157,0,4,1
BRDA:157,e0,5,0
BRDA:157,0,6,1
BRDA:157,e0,7,0
BRDA:157,0,8,1
BRDA:157,e0,9,0
BRDA:162,0,0,1
BRDA:162,e0,1,0
BRDA:163,0,0,3
BRDA:163,0,1,1
BRDA:164,0,0,3
BRDA:164,e0,1,0
BRDA:164,0,2,3
BRDA:164,e0,3,0
BRDA:167,0,0,1
BRDA:167,e0,1,0
BRDA:168,0,0,1
BRDA:168,0,1,1
BRDA:169,0,0,1
BRDA:169,e0,1,0
BRDA:169,0,2,1
BRDA:169,e0,3,0
BRDA:171,0,0,1
BRDA:171,e0,1,0
BRDA:172,0,0,1
BRDA:172,e0,1,0
BRDA:172,0,2,1
BRDA:172,e0,3,0
BRDA:172,0,4,1
BRDA:172,e0,5,0
BRDA:172,0,6,1
BRDA:172,e0,7,0
BRDA:172,0,8,1
BRDA:172,e0,9,0
BRDA:173,0,0,1
BRDA:173,e0,1,0
BRDA:173,0,2,1
BRDA:173,e0,3,0
BRDA:173,0,4,1
BRDA:173,e0,5,0
BRDA:173,0,6,1
BRDA:173,e0,7,0
BRDA:174,0,0,1
BRDA:174,e0,1,0
BRDA:174,0,2,1
BRDA:174,e0,3,0
BRDA:174,0,4,1
BRDA:174,e0,5,0
BRDA:174,0,6,1
BRDA:174,e0,7,0
BRDA:180,0,0,8
BRDA:180,e0,1,0
BRDA:180,0,2,8
BRDA:180,e0,3,0
BRDA:180,0,4,8
BRDA:180,e0,5,0
BRDA:180,0,6,8
BRDA:180,e0,7,0
BRDA:180,0,8,8
BRDA:180,e0,9,0
BRDA:181,0,0,8
BRDA:181,e0,1,0
BRDA:181,0,2,8
BRDA:181,e0,3,0
BRDA:181,0,4,8
BRDA:181,e0,5,0
BRDA:181,0,6,8
BRDA:181,e0,7,0
BRDA:182,0,0,8
BRDA:182,e0,1,0
BRDA:182,0,2,8
BRDA:182,e0,3,0
BRDA:182,0,4,8
BRDA:182,e0,5,0
BRDA:182,0,6,8
BRDA:182,e0,7,0
BRDA:188,0,0,18
BRDA:188,e0,1,0
BRDA:188,0,2,18
BRDA:188,e0,3,0
BRDA:188,0,4,18
BRDA:188,e0,5,0
BRDA:188,0,6,18
BRDA:188,e0,7,0
BRDA:188,0,8,18
BRDA:188,e0,9,0
BRDA:189,0,0,18
BRDA:189,e0,1,0
BRDA:189,0,2,18
BRDA:189,e0,3,0
BRDA:189,0,4,18
BRDA:189,e0,5,0
BRDA:189,0,6,18
BRDA:189,e0,7,0
BRDA:190,0,0,18
BRDA:190,e0,1,0
BRDA:190,0,2,18
BRDA:190,e0,3,0
BRDA:190,0,4,18
BRDA:190,e0,5,0
BRDA:190,0,6,18
BRDA:190,e0,7,0
BRDA:190,0,8,18
BRDA:190,e0,9,0
BRDA:191,0,0,18
BRDA:191,e0,1,0
BRDA:191,0,2,18
BRDA:191,e0,3,0
BRDA:191,0,4,18
BRDA:191,e0,5,0
BRDA:191,0,6,18
BRDA:191,e0,7,0
BRDA:198,0,0,9
BRDA:198,e0,1,0
BRDA:199,0,0,22
BRDA:199,0,1,9
BRDA:200,0,0,22
BRDA:200,e0,1,0
BRDA:201,0,0,22
BRDA:201,e0,1,0
BRDA:201,0,2,22
BRDA:201,e0,3,0
BRDA:201,0,4,22
BRDA:201,e0,5,0
BRDA:201,0,6,22
BRDA:201,e0,7,0
BRDA:201,0,8,22
BRDA:201,e0,9,0
BRDA:202,0,0,22
BRDA:202,e0,1,0
BRDA:202,0,2,22
BRDA:202,e0,3,0
BRDA:202,0,4,22
BRDA:202,e0,5,0
BRDA:202,0,6,22
BRDA:202,e0,7,0
BRDA:203,0,0,22
BRDA:203,e0,1,0
BRDA:203,0,2,22
BRDA:203,e0,3,0
BRDA:205,0,0,9
BRDA:205,e0,1,0
BRDA:206,0,0,9
BRDA:206,e0,1,0
BRDA:206,0,2,9
BRDA:206,e0,3,0
BRDA:206,0,4,9
BRDA:206,e0,5,0
BRDA:206,0,6,9
BRDA:206,e0,7,0
BRDA:206,0,8,9
BRDA:206,e0,9,0
BRDA:207,0,0,9
BRDA:207,e0,1,0
BRDA:207,0,2,9
BRDA:207,e0,3,0
BRDA:207,0,4,9
BRDA:207,e0,5,0
BRDA:207,0,6,9
BRDA:207,e0,7,0
BRDA:208,0,0,9
BRDA:208,e0,1,0
BRDA:208,0,2,9
BRDA:208,e0,3,0
BRDA:208,0,4,9
BRDA:208,e0,5,0
BRDA:208,0,6,9
BRDA:208,e0,7,0
BRDA:214,0,0,3
BRDA:214,e0,1,0
BRDA:214,0,2,3
BRDA:214,e0,3,0
BRDA:214,0,4,3
BRDA:214,e0,5,0
BRDA:214,0,6,3
BRDA:214,e0,7,0
BRDA:214,0,8,3
BRDA:214,e0,9,0
BRDA:215,0,0,3
BRDA:215,e0,1,0
BRDA:215,0,2,3
BRDA:215,e0,3,0
BRDA:215,0,4,3
BRDA:215,e0,5,0
BRDA:215,0,6,3
BRDA:215,e0,7,0
BRDA:220,0,0,1
BRDA:220,e0,1,0
BRDA:222,0,0,1
BRDA:222,e0,1,0
BRDA:222,0,2,3
BRDA:222,e0,3,0
BRDA:222,0,4,2
BRDA:222,0,5,1
BRDA:223,0,0,2
BRDA:223,e0,1,0
BRDA:223,0,2,2
BRDA:223,e0,3,0
BRDA:226,0,0,1
BRDA:226,e0,1,0
BRDA:227,0,0,1
BRDA:227,e0,1,0
BRDA:227,0,2,1
BRDA:227,e0,3,0
BRDA:227,0,4,1
BRDA:227,e0,5,0
BRDA:227,0,6,1
BRDA:227,e0,7,0
BRDA:227,0,8,1
BRDA:227,e0,9,0
BRDA:228,0,0,1
BRDA:228,e0,1,0
BRDA:228,0,2,1
BRDA:228,e0,3,0
BRDA:228,0,4,1
BRDA:228,e0,5,0
BRDA:228,0,6,1
BRDA:228,e0,7,0
BRDA:229,0,0,1
BRDA:229,e0,1,0
BRDA:229,0,2,1
BRDA:229,e0,3,0
BRDA:229,0,4,1
BRDA:229,e0,5,0
BRDA:229,0,6,1
BRDA:229,e0,7,0
BRDA:235,0,0,1
BRDA:235,e0,1,0
BRDA:235,0,2,1
BRDA:235,e0,3,0
BRDA:235,0,4,1
BRDA:235,e0,5,0
BRDA:235,0,6,1
BRDA:235,e0,7,0
BRDA:235,0,8,1
BRDA:235,e0,9,0
BRDA:242,0,0,2
BRDA:242,e0,1,0
BRDA:242,0,2,2
BRDA:242,e0,3,0
BRDA:242,0,4,2
BRDA:242,e0,5,0
BRDA:242,0,6,2
BRDA:242,e0,7,0
BRDA:242,0,8,2
BRDA:242,e0,9,0
BRDA:243,0,0,2
BRDA:243,e0,1,0
BRDA:243,0,2,2
BRDA:243,e0,3,0
BRDA:243,0,4,2
BRDA:243,e0,5,0
BRDA:243,0,6,2
BRDA:243,e0,7,0
BRDA:244,0,0,2
BRDA:244,e0,1,0
BRDA:244,0,2,2
BRDA:244,e0,3,0
BRDA:244,0,4,2
BRDA:244,e0,5,0
BRDA:244,0,6,2
BRDA:244,e0,7,0
BRDA:251,0,0,2
BRDA:251,e0,1,0
BRDA:251,0,2,2
BRDA:251,e0,3,0
BRDA:251,0,4,2
BRDA:251,e0,5,0
BRDA:251,0,6,2
BRDA:251,e0,7,0
BRDA:251,0,8,2
BRDA:251,e0,9,0
BRDA:257,0,0,54
BRDA:257,e0,1,0
BRDA:258,0,0,54
BRDA:258,e0,1,0
BRDA:260,0,0,54
BRDA:260,e0,1,0
BRDA:260,0,2,121
BRDA:260,0,3,54
BRDA:261,0,0,4
BRDA:261,0,1,117
BRDA:262,0,0,4
BRDA:262,e0,1,0
BRDA:263,0,0,4
BRDA:263,e0,1,0
BRDA:263,0,2,4
BRDA:263,e0,3,0
BRDA:263,0,4,4
BRDA:263,e0,5,0
BRDA:263,0,6,4
BRDA:263,e0,7,0
BRDA:264,0,0,4
BRDA:264,e0,1,0
BRDA:264,0,2,4
BRDA:264,e0,3,0
BRDA:267,0,0,117
BRDA:267,e0,1,0
BRDA:268,0,0,117
BRDA:268,e0,1,0
BRDA:268,0,2,117
BRDA:268,e0,3,0
BRDA:268,0,4,117
BRDA:268,e0,5,0
BRDA:268,0,6,117
BRDA:268,e0,7,0
BRDA:269,0,0,117
BRDA:269,e0,1,0
BRDA:269,0,2,117
BRDA:269,e0,3,0
BRDA:273,0,0,54
BRDA:273,e0,1,0
BRDA:274,0,0,54
BRDA:274,e0,1,0
BRDA:274,0,2,54
BRDA:274,e0,3,0
BRDA:274,0,4,54
BRDA:274,e0,5,0
BRDA:274,0,6,54
BRDA:274,e0,7,0
BRDA:274,0,8,54
BRDA:274,e0,9,0
BRDA:275,0,0,54
BRDA:275,e0,1,0
BRDA:275,0,2,54
BRDA:275,e0,3,0
BRDA:275,0,4,54
BRDA:275,e0,5,0
BRDA:275,0,6,54
BRDA:275,e0,7,0
BRDA:276,0,0,54
BRDA:276,e0,1,0
BRDA:276,0,2,54
BRDA:276,e0,3,0
BRDA:276,0,4,54
BRDA:276,e0,5,0
BRDA:276,0,6,54
BRDA:276,e0,7,0
BRF:618
BRH:339
DA:6,70
DA:7,70
DA:8,4
DA:9,66
DA:10,8
DA:11,58
DA:12,2
DA:13,56
DA:14,2
DA:15,54
DA:16,2
DA:17,52
DA:18,7
DA:19,45
DA:20,3
DA:21,42
DA:22,3
DA:23,39
DA:24,1
DA:25,38
DA:26,7
DA:27,31
DA:28,1
DA:29,30
DA:30,8
DA:31,22
DA:32,6
DA:33,16
DA:34,1
DA:35,15
DA:36,2
DA:37,13
DA:38,2
DA:39,11
DA:40,3
DA:41,8
DA:42,2
DA:43,6
DA:44,2
DA:45,4
DA:46,3
DA:47,1
DA:49,167
DA:50,167
DA:51,18
DA:52,112
DA:53,8
DA:54,8
DA:55,16
DA:56,18
DA:57,6
DA:58,6
DA:59,6
DA:60,20
DA:61,2
DA:62,2
DA:63,22
DA:64,48
DA:65,6
DA:66,6
DA:67,6
DA:68,6
DA:69,6
DA:70,10
DA:71,2
DA:75,32
DA:76,32
DA:77,11
DA:78,21
DA:79,6
DA:80,15
DA:81,5
DA:82,10
DA:83,9
DA:84,1
DA:86,78
DA:87,78
DA:88,62
DA:89,18
DA:90,48
DA:91,26
DA:92,2
DA:96,3
DA:97,3
DA:98,3
DA:99,3
DA:100,3
DA:101,0
DA:102,4
DA:103,4
DA:104,4
DA:105,4
DA:106,4
DA:107,4
DA:108,4
DA:109,0
DA:110,0
DA:112,0
DA:113,0
DA:114,0
DA:115,0
DA:116,0
DA:117,0
DA:118,1
DA:119,1
DA:120,1
DA:121,1
DA:122,1
DA:123,1
DA:124,0
DA:126,3
DA:127,3
DA:128,3
DA:129,3
DA:130,3
DA:131,3
DA:132,0
DA:133,1
DA:134,1
DA:135,1
DA:136,1
DA:137,1
DA:138,1
DA:139,1
DA:140,0
DA:141,1
DA:142,1
DA:143,1
DA:144,1
DA:145,0
DA:147,1
DA:148,1
DA:149,1
DA:150,1
DA:151,1
DA:152,1
DA:153,0
DA:155,1
DA:156,1
DA:157,1
DA:158,1
DA:159,0
DA:161,1
DA:162,1
DA:163,4
DA:164,3
DA:167,1
DA:168,2
DA:169,1
DA:171,1
DA:172,1
DA:173,1
DA:174,1
DA:175,1
DA:176,1
DA:178,8
DA:179,8
DA:180,8
DA:181,8
DA:182,8
DA:183,8
DA:184,0
DA:186,18
DA:187,18
DA:188,18
DA:189,18
DA:190,18
DA:191,18
DA:192,18
DA:193,0
DA:195,9
DA:198,9
DA:199,31
DA:200,22
DA:201,22
DA:202,22
DA:203,22
DA:204,22
DA:205,9
DA:206,9
DA:207,9
DA:208,9
DA:209,9
DA:210,9
DA:212,3
DA:213,3
DA:214,3
DA:215,3
DA:216,3
DA:217,0
DA:219,1
DA:220,1
DA:222,3
DA:223,2
DA:226,1
DA:227,1
DA:228,1
DA:229,1
DA:230,1
DA:231,1
DA:233,1
DA:234,1
DA:235,1
DA:236,1
DA:237,0
DA:239,2
DA:241,2
DA:242,2
DA:243,2
DA:244,2
DA:245,2
DA:246,0
DA:248,2
DA:250,2
DA:251,2
DA:252,2
DA:253,0
DA:255,54
DA:257,54
DA:258,54
DA:260,175
DA:261,121
DA:262,4
DA:263,4
DA:264,4
DA:265,4
DA:267,117
DA:268,117
DA:269,117
DA:270,117
DA:273,54
DA:274,54
DA:275,54
DA:276,54
DA:277,54
DA:278,54
LF:236
LH:215
end_of_record
TN:
SF:/home/milica/Desktop/2023_Analysis_lexy/Mafija/server_client/Shared/voiceprotocol.cpp
FNL:0,15,24
FNA:0,18,_ZN10mafia_game20voice_type_to_stringENS_16VoiceMessageTypeE
FNL:1,26,39
FNA:1,4,_ZN10mafia_game25create_voice_data_messageERK7QStringRK10QByteArrayxj
FNL:2,41,46
FNA:2,1,_ZN10mafia_game28create_voice_request_messageERK7QString
FNL:3,48,53
FNA:3,1,_ZN10mafia_game25create_voice_stop_messageERK7QString
FNL:4,55,61
FNA:4,3,_ZN10mafia_game26create_mute_toggle_messageERK7QStringb
FNL:5,6,13
FNA:5,13,_ZN10mafia_game22voice_type_from_stringERK7QString
FNL:6,63,69
FNA:6,3,_ZN10mafia_game28create_deafen_toggle_messageERK7QStringb
FNF:7
FNH:7
BRDA:7,0,0,2
BRDA:7,0,1,11
BRDA:8,0,0,2
BRDA:8,0,1,9
BRDA:9,0,0,2
BRDA:9,0,1,7
BRDA:10,0,0,2
BRDA:10,0,1,5
BRDA:11,0,0,2
BRDA:11,0,1,3
BRDA:16,0,0,5
BRDA:16,0,1,2
BRDA:16,0,2,2
BRDA:16,0,3,4
BRDA:16,0,4,4
BRDA:16,0,5,1
BRDA:33,0,0,4
BRDA:33,e0,1,0
BRDA:33,0,2,4
BRDA:33,e0,3,0
BRDA:33,0,4,4
BRDA:33,e0,5,0
BRDA:33,0,6,4
BRDA:33,e0,7,0
BRDA:33,0,8,4
BRDA:33,e0,9,0
BRDA:34,0,0,4
BRDA:34,e0,1,0
BRDA:34,0,2,4
BRDA:34,e0,3,0
BRDA:34,0,4,4
BRDA:34,e0,5,0
BRDA:34,0,6,4
BRDA:34,e0,7,0
BRDA:35,0,0,4
BRDA:35,e0,1,0
BRDA:35,0,2,4
BRDA:35,e0,3,0
BRDA:35,0,4,4
BRDA:35,e0,5,0
BRDA:35,0,6,4
BRDA:35,e0,7,0
BRDA:35,0,8,4
BRDA:35,e0,9,0
BRDA:35,0,10,4
BRDA:35,e0,11,0
BRDA:36,0,0,4
BRDA:36,e0,1,0
BRDA:36,0,2,4
BRDA:36,e0,3,0
BRDA:36,0,4,4
BRDA:36,e0,5,0
BRDA:36,0,6,4
BRDA:36,e0,7,0
BRDA:37,0,0,4
BRDA:37,e0,1,0
BRDA:37,0,2,4
BRDA:37,e0,3,0
BRDA:37,0,4,4
BRDA:37,e0,5,0
BRDA:37,0,6,4
BRDA:37,e0,7,0
BRDA:43,0,0,1
BRDA:43,e0,1,0
BRDA:43,0,2,1
BRDA:43,e0,3,0
BRDA:43,0,4,1
BRDA:43,e0,5,0
BRDA:43,0,6,1
BRDA:43,e0,7,0
BRDA:43,0,8,1
BRDA:43,e0,9,0
BRDA:44,0,0,1
BRDA:44,e0,1,0
BRDA:44,0,2,1
BRDA:44,e0,3,0
BRDA:44,0,4,1
BRDA:44,e0,5,0
BRDA:44,0,6,1
BRDA:44,e0,7,0
BRDA:50,0,0,1
BRDA:50,e0,1,0
BRDA:50,0,2,1
BRDA:50,e0,3,0
BRDA:50,0,4,1
BRDA:50,e0,5,0
BRDA:50,0,6,1
BRDA:50,e0,7,0
BRDA:50,0,8,1
BRDA:50,e0,9,0
BRDA:51,0,0,1
BRDA:51,e0,1,0
BRDA:51,0,2,1
BRDA:51,e0,3,0
BRDA:51,0,4,1
BRDA:51,e0,5,0
BRDA:51,0,6,1
BRDA:51,e0,7,0
BRDA:57,0,0,3
BRDA:57,e0,1,0
BRDA:57,0,2,3
BRDA:57,e0,3,0
BRDA:57,0,4,3
BRDA:57,e0,5,0
BRDA:57,0,6,3
BRDA:57,e0,7,0
BRDA:57,0,8,3
BRDA:57,e0,9,0
BRDA:58,0,0,3
BRDA:58,e0,1,0
BRDA:58,0,2,3
BRDA:58,e0,3,0
BRDA:58,0,4,3
BRDA:58,e0,5,0
BRDA:58,0,6,3
BRDA:58,e0,7,0
BRDA:59,0,0,3
BRDA:59,e0,1,0
BRDA:59,0,2,3
BRDA:59,e0,3,0
BRDA:59,0,4,3
BRDA:59,e0,5,0
BRDA:59,0,6,3
BRDA:59,e0,7,0
BRDA:65,0,0,3
BRDA:65,e0,1,0
BRDA:65,0,2,3
BRDA:65,e0,3,0
BRDA:65,0,4,3
BRDA:65,e0,5,0
BRDA:65,0,6,3
BRDA:65,e0,7,0
BRDA:65,0,8,3
BRDA:65,e0,9,0
BRDA:66,0,0,3
BRDA:66,e0,1,0
BRDA:66,0,2,3
BRDA:66,e0,3,0
BRDA:66,0,4,3
BRDA:66,e0,5,0
BRDA:66,0,6,3
BRDA:66,e0,7,0
BRDA:67,0,0,3
BRDA:67,e0,1,0
BRDA:67,0,2,3
BRDA:67,e0,3,0
BRDA:67,0,4,3
BRDA:67,e0,5,0
BRDA:67,0,6,3
BRDA:67,e0,7,0
BRF:150
BRH:83
DA:6,13
DA:7,13
DA:8,11
DA:9,9
DA:10,7
DA:11,5
DA:12,3
DA:15,18
DA:16,18
DA:17,5
DA:18,2
DA:19,2
DA:20,4
DA:21,4
DA:22,1
DA:26,4
DA:32,4
DA:33,4
DA:34,4
DA:35,4
DA:36,4
DA:37,4
DA:38,4
DA:39,0
DA:41,1
DA:42,1
DA:43,1
DA:44,1
DA:45,1
DA:46,0
DA:48,1
DA:49,1
DA:50,1
DA:51,1
DA:52,1
DA:53,0
DA:55,3
DA:56,3
DA:57,3
DA:58,3
DA:59,3
DA:60,3
DA:61,0
DA:63,3
DA:64,3
DA:65,3
DA:66,3
DA:67,3
DA:68,3
DA:69,0
LF:50
LH:45
end_of_record
TN:
SF:/home/milica/Desktop/2023_Analysis_lexy/Mafija/server_client/Shared/votecounter.cpp
FNL:0,12,34
FNA:0,13,_ZN6voting11VoteCounter10get_resultEv
FNL:1,36,42
FNA:1,16,_ZN6voting11VoteCounter9get_votesEv
FNL:2,44,46
FNA:2,4,_ZN6voting11VoteCounter16remove_all_votesEv
FNL:3,48,54
FNA:3,80,_ZN6voting11VoteCounter16m_get_vote_countE7QString
FNL:4,6,10
FNA:4,56,_ZN6voting11VoteCounter8add_voteE7QStringS1_
FNF:5
FNH:5
BRDA:7,0,0,55
BRDA:7,0,1,1
BRDA:7,0,2,54
BRDA:7,0,3,1
BRDA:7,0,4,54
BRDA:7,0,5,2
BRDA:15,0,0,13
BRDA:15,e0,1,0
BRDA:15,0,2,53
BRDA:15,e0,3,0
BRDA:15,0,4,40
BRDA:15,0,5,13
BRDA:16,0,0,40
BRDA:16,e0,1,0
BRDA:20,0,0,13
BRDA:20,e0,1,0
BRDA:20,0,2,53
BRDA:20,e0,3,0
BRDA:20,0,4,40
BRDA:20,0,5,13
BRDA:21,0,0,40
BRDA:21,e0,1,0
BRDA:21,0,2,28
BRDA:21,0,3,12
BRDA:21,0,4,14
BRDA:21,0,5,14
BRDA:21,0,6,40
BRDA:21,0,7,0
BRDA:21,0,8,14
BRDA:21,0,9,26
BRDA:21,0,10,0
BRDA:21,0,11,0
BRDA:22,0,0,14
BRDA:22,e0,1,0
BRDA:26,0,0,13
BRDA:26,e0,1,0
BRDA:26,0,2,13
BRDA:26,e0,3,0
BRDA:26,0,4,13
BRDA:26,0,5,9
BRDA:27,0,0,4
BRDA:27,0,1,9
BRDA:38,0,0,16
BRDA:38,e0,1,0
BRDA:38,0,2,36
BRDA:38,e0,3,0
BRDA:38,0,4,20
BRDA:38,0,5,16
BRDA:39,0,0,20
BRDA:39,e0,1,0
BRDA:50,0,0,80
BRDA:50,e0,1,0
BRDA:50,0,2,484
BRDA:50,e0,3,0
BRDA:50,0,4,404
BRDA:50,0,5,80
BRDA:51,0,0,152
BRDA:51,0,1,252
BRF:58
BRH:41
DA:6,56
DA:7,56
DA:8,54
DA:10,56
DA:12,13
DA:14,13
DA:15,53
DA:16,40
DA:19,13
DA:20,53
DA:21,40
DA:22,14
DA:26,22
DA:27,13
DA:28,4
DA:33,9
DA:34,13
DA:36,16
DA:37,16
DA:38,36
DA:39,20
DA:41,16
DA:42,0
DA:44,4
DA:45,4
DA:46,4
DA:48,80
DA:49,80
DA:50,484
DA:51,404
DA:52,152
DA:53,80
LF:32
LH:31
end_of_record
TN:
SF:/home/milica/Desktop/2023_Analysis_lexy/Mafija/server_client/Shared/votinground.cpp
FNL:0,12,12
FNA:0,2,_ZN6voting11VotingRoundC2EP7QObject
FNL:1,14,18
FNA:1,7,_ZN6voting11VotingRound15on_player_votedE7QStringS1_
FNL:2,20,29
FNA:2,4,_ZN6voting11VotingRound15on_start_votingE5QListI7QStringE
FNL:3,31,38
FNA:3,8,_ZN6voting11VotingRound15on_voting_endedEv
FNL:4,7,10
FNA:4,36,_ZN6voting11VotingRound8instanceEv
FNF:5
FNH:5
BRDA:8,0,0,2
BRDA:8,0,1,34
BRDA:8,0,2,2
BRDA:8,0,3,0
BRDA:8,0,4,2
BRDA:8,e0,5,0
BRDA:8,0,6,0
BRDA:8,0,7,0
BRDA:15,0,0,6
BRDA:15,0,1,1
BRDA:16,0,0,6
BRDA:16,e0,1,0
BRDA:21,0,0,1
BRDA:21,0,1,3
BRDA:28,0,0,3
BRDA:28,e0,1,0
BRDA:32,0,0,5
BRDA:32,0,1,3
BRDA:37,0,0,3
BRDA:37,e0,1,0
BRDA:37,0,2,3
BRDA:37,e0,3,0
BRDA:37,0,4,3
BRDA:37,e0,5,0
BRF:24
BRH:15
DA:7,36
DA:8,36
DA:9,36
DA:12,2
DA:14,7
DA:15,7
DA:16,6
DA:18,7
DA:20,4
DA:21,4
DA:22,1
DA:24,3
DA:25,3
DA:26,3
DA:28,3
DA:31,8
DA:32,8
DA:33,5
DA:35,3
DA:37,3
LF:20
LH:20
end_of_record
TN:
SF:/home/milica/Desktop/2023_Analysis_lexy/Mafija/server_client/Shared/votinground.h
FNL:0,16,16
FNA:0,0,_ZN6voting11VotingRoundD0Ev
FNA:0,2,_ZN6voting11VotingRoundD2Ev
FNF:1
FNH:1
DA:16,2
LF:1
LH:1
end_of_record
TN:
SF:/home/milica/Desktop/2023_Analysis_lexy/Mafija/server_client/Shared/votingserver.cpp
FNL:0,11,12
FNA:0,2,_ZN6voting12VotingServerC2EP7QObject
FNL:1,14,21
FNA:1,7,_ZN6voting12VotingServer21on_start_voting_phaseE5QListI7QStringE
FNL:2,23,39
FNA:2,6,_ZN6voting12VotingServer22on_voting_round_resultE5QListI7QStringES1_ISt4pairIS2_S2_EE
FNL:3,6,9
FNA:3,38,_ZN6voting12VotingServer8instanceEv
FNF:4
FNH:4
BRDA:7,0,0,2
BRDA:7,0,1,36
BRDA:7,0,2,2
BRDA:7,0,3,0
BRDA:7,0,4,2
BRDA:7,e0,5,0
BRDA:7,0,6,0
BRDA:7,0,7,0
BRDA:15,0,0,1
BRDA:15,0,1,6
BRDA:20,0,0,6
BRDA:20,e0,1,0
BRDA:24,0,0,1
BRDA:24,0,1,5
BRDA:28,0,0,3
BRDA:28,0,1,2
BRDA:28,0,2,1
BRDA:28,0,3,2
BRDA:28,0,4,3
BRDA:28,0,5,2
BRDA:31,0,0,3
BRDA:31,e0,1,0
BRDA:32,0,0,3
BRDA:32,e0,1,0
BRDA:36,0,0,2
BRDA:36,e0,1,0
BRDA:37,0,0,2
BRDA:37,e0,1,0
BRDA:37,0,2,2
BRDA:37,e0,3,0
BRF:30
BRH:20
DA:6,38
DA:7,38
DA:8,38
DA:11,2
DA:12,2
DA:14,7
DA:15,7
DA:16,1
DA:18,6
DA:19,6
DA:20,6
DA:23,6
DA:24,6
DA:25,1
DA:28,5
DA:30,3
DA:31,3
DA:32,3
DA:35,2
DA:36,2
DA:37,2
LF:21
LH:21
end_of_record
TN:
SF:/home/milica/Desktop/2023_Analysis_lexy/Mafija/server_client/Shared/votingserver.h
FNL:0,16,16
FNA:0,0,_ZN6voting12VotingServerD0Ev
FNA:0,2,_ZN6voting12VotingServerD2Ev
FNF:1
FNH:1
DA:16,2
LF:1
LH:1
end_of_record
